Files already downloaded and verified
Train Epoch: 1 [0/50000 (0%)], Loss: 4.705398, Top1:0.000, Top5:1.562
Train Epoch: 1 [640/50000 (1%)], Loss: 5.241737, Top1:0.710, Top5:5.540
Train Epoch: 1 [1280/50000 (3%)], Loss: 4.613828, Top1:1.116, Top5:6.027
Train Epoch: 1 [1920/50000 (4%)], Loss: 4.664458, Top1:1.411, Top5:7.006
Train Epoch: 1 [2560/50000 (5%)], Loss: 4.632389, Top1:1.944, Top5:8.079
Train Epoch: 1 [3200/50000 (6%)], Loss: 4.443125, Top1:2.114, Top5:8.487
Train Epoch: 1 [3840/50000 (8%)], Loss: 4.441540, Top1:2.100, Top5:8.632
Train Epoch: 1 [4480/50000 (9%)], Loss: 4.565703, Top1:2.289, Top5:9.529
Train Epoch: 1 [5120/50000 (10%)], Loss: 4.295887, Top1:2.296, Top5:10.069
Train Epoch: 1 [5760/50000 (12%)], Loss: 4.387599, Top1:2.490, Top5:10.783
Train Epoch: 1 [6400/50000 (13%)], Loss: 4.272965, Top1:2.568, Top5:11.309
Train Epoch: 1 [7040/50000 (14%)], Loss: 4.111857, Top1:2.787, Top5:11.810
Train Epoch: 1 [7680/50000 (15%)], Loss: 4.194702, Top1:2.867, Top5:12.229
Train Epoch: 1 [8320/50000 (17%)], Loss: 4.306549, Top1:2.934, Top5:12.500
Train Epoch: 1 [8960/50000 (18%)], Loss: 4.231468, Top1:2.992, Top5:12.766
Train Epoch: 1 [9600/50000 (19%)], Loss: 4.116598, Top1:3.146, Top5:13.307
Train Epoch: 1 [10240/50000 (20%)], Loss: 4.101204, Top1:3.319, Top5:13.771
Train Epoch: 1 [10880/50000 (22%)], Loss: 4.326608, Top1:3.381, Top5:14.108
Train Epoch: 1 [11520/50000 (23%)], Loss: 4.064373, Top1:3.427, Top5:14.451
Train Epoch: 1 [12160/50000 (24%)], Loss: 4.095180, Top1:3.460, Top5:14.619
Train Epoch: 1 [12800/50000 (26%)], Loss: 4.113149, Top1:3.483, Top5:14.871
Train Epoch: 1 [13440/50000 (27%)], Loss: 4.170293, Top1:3.643, Top5:15.410
Train Epoch: 1 [14080/50000 (28%)], Loss: 4.047530, Top1:3.804, Top5:15.703
Train Epoch: 1 [14720/50000 (29%)], Loss: 3.939086, Top1:3.889, Top5:16.132
Train Epoch: 1 [15360/50000 (31%)], Loss: 4.506302, Top1:4.072, Top5:16.442
Train Epoch: 1 [16000/50000 (32%)], Loss: 4.073027, Top1:4.177, Top5:16.895
Train Epoch: 1 [16640/50000 (33%)], Loss: 4.320471, Top1:4.262, Top5:17.146
Train Epoch: 1 [17280/50000 (35%)], Loss: 3.944030, Top1:4.382, Top5:17.464
Train Epoch: 1 [17920/50000 (36%)], Loss: 3.987391, Top1:4.476, Top5:17.749
Train Epoch: 1 [18560/50000 (37%)], Loss: 4.135756, Top1:4.521, Top5:17.939
Train Epoch: 1 [19200/50000 (38%)], Loss: 4.103717, Top1:4.620, Top5:18.122
Train Epoch: 1 [19840/50000 (40%)], Loss: 4.016386, Top1:4.698, Top5:18.303
Train Epoch: 1 [20480/50000 (41%)], Loss: 4.117523, Top1:4.819, Top5:18.667
Train Epoch: 1 [21120/50000 (42%)], Loss: 4.225690, Top1:4.886, Top5:18.854
Train Epoch: 1 [21760/50000 (43%)], Loss: 4.112370, Top1:4.985, Top5:19.117
Train Epoch: 1 [22400/50000 (45%)], Loss: 3.948367, Top1:5.075, Top5:19.298
Train Epoch: 1 [23040/50000 (46%)], Loss: 4.058241, Top1:5.138, Top5:19.460
Train Epoch: 1 [23680/50000 (47%)], Loss: 4.268626, Top1:5.172, Top5:19.580
Train Epoch: 1 [24320/50000 (49%)], Loss: 4.049496, Top1:5.274, Top5:19.771
Train Epoch: 1 [24960/50000 (50%)], Loss: 3.709222, Top1:5.379, Top5:20.069
Train Epoch: 1 [25600/50000 (51%)], Loss: 3.667668, Top1:5.486, Top5:20.301
Train Epoch: 1 [26240/50000 (52%)], Loss: 3.560891, Top1:5.589, Top5:20.567
Train Epoch: 1 [26880/50000 (54%)], Loss: 3.820416, Top1:5.660, Top5:20.784
Train Epoch: 1 [27520/50000 (55%)], Loss: 4.102661, Top1:5.757, Top5:21.012
Train Epoch: 1 [28160/50000 (56%)], Loss: 3.872150, Top1:5.828, Top5:21.159
Train Epoch: 1 [28800/50000 (58%)], Loss: 3.645896, Top1:5.924, Top5:21.418
Train Epoch: 1 [29440/50000 (59%)], Loss: 3.804063, Top1:6.013, Top5:21.699
Train Epoch: 1 [30080/50000 (60%)], Loss: 3.999307, Top1:6.141, Top5:21.978
Train Epoch: 1 [30720/50000 (61%)], Loss: 3.838178, Top1:6.234, Top5:22.219
Train Epoch: 1 [31360/50000 (63%)], Loss: 3.689620, Top1:6.339, Top5:22.403
Train Epoch: 1 [32000/50000 (64%)], Loss: 3.575324, Top1:6.397, Top5:22.617
Train Epoch: 1 [32640/50000 (65%)], Loss: 3.869702, Top1:6.452, Top5:22.783
Train Epoch: 1 [33280/50000 (66%)], Loss: 4.086142, Top1:6.544, Top5:22.946
Train Epoch: 1 [33920/50000 (68%)], Loss: 3.459656, Top1:6.606, Top5:23.131
Train Epoch: 1 [34560/50000 (69%)], Loss: 3.831249, Top1:6.698, Top5:23.348
Train Epoch: 1 [35200/50000 (70%)], Loss: 3.255626, Top1:6.814, Top5:23.576
Train Epoch: 1 [35840/50000 (72%)], Loss: 3.463895, Top1:6.885, Top5:23.783
Train Epoch: 1 [36480/50000 (73%)], Loss: 3.623265, Top1:6.986, Top5:23.949
Train Epoch: 1 [37120/50000 (74%)], Loss: 4.043439, Top1:7.046, Top5:24.107
Train Epoch: 1 [37760/50000 (75%)], Loss: 3.562669, Top1:7.144, Top5:24.318
Train Epoch: 1 [38400/50000 (77%)], Loss: 3.652289, Top1:7.196, Top5:24.563
Train Epoch: 1 [39040/50000 (78%)], Loss: 3.695739, Top1:7.273, Top5:24.767
Train Epoch: 1 [39680/50000 (79%)], Loss: 3.691377, Top1:7.357, Top5:24.950
Train Epoch: 1 [40320/50000 (81%)], Loss: 3.560961, Top1:7.421, Top5:25.097
Train Epoch: 1 [40960/50000 (82%)], Loss: 3.694933, Top1:7.503, Top5:25.319
Train Epoch: 1 [41600/50000 (83%)], Loss: 3.589829, Top1:7.563, Top5:25.528
Train Epoch: 1 [42240/50000 (84%)], Loss: 3.465019, Top1:7.645, Top5:25.771
Train Epoch: 1 [42880/50000 (86%)], Loss: 3.773582, Top1:7.717, Top5:25.938
Train Epoch: 1 [43520/50000 (87%)], Loss: 3.545626, Top1:7.760, Top5:26.049
Train Epoch: 1 [44160/50000 (88%)], Loss: 3.775073, Top1:7.812, Top5:26.196
Train Epoch: 1 [44800/50000 (90%)], Loss: 3.601338, Top1:7.882, Top5:26.373
Train Epoch: 1 [45440/50000 (91%)], Loss: 3.475582, Top1:7.975, Top5:26.521
Train Epoch: 1 [46080/50000 (92%)], Loss: 3.496358, Top1:8.047, Top5:26.673
Train Epoch: 1 [46720/50000 (93%)], Loss: 3.614909, Top1:8.105, Top5:26.851
Train Epoch: 1 [47360/50000 (95%)], Loss: 3.493233, Top1:8.203, Top5:27.058
Train Epoch: 1 [48000/50000 (96%)], Loss: 3.487788, Top1:8.314, Top5:27.228
Train Epoch: 1 [48640/50000 (97%)], Loss: 3.757674, Top1:8.381, Top5:27.355
Train Epoch: 1 [49280/50000 (98%)], Loss: 3.311251, Top1:8.465, Top5:27.541
Train Epoch: 1 [49920/50000 (100%)], Loss: 3.462667, Top1:8.539, Top5:27.701
Training Time: 93.7485280037

Test set: Average loss: 0.0558, Top1:14.900, Top5:40.530

Train Epoch: 2 [0/50000 (0%)], Loss: 3.532347, Top1:9.375, Top5:34.375
Train Epoch: 2 [640/50000 (1%)], Loss: 3.709920, Top1:10.938, Top5:36.080
Train Epoch: 2 [1280/50000 (3%)], Loss: 3.258790, Top1:12.946, Top5:38.170
Train Epoch: 2 [1920/50000 (4%)], Loss: 3.477024, Top1:14.062, Top5:39.869
Train Epoch: 2 [2560/50000 (5%)], Loss: 3.329323, Top1:14.901, Top5:40.892
Train Epoch: 2 [3200/50000 (6%)], Loss: 3.393929, Top1:14.828, Top5:40.656
Train Epoch: 2 [3840/50000 (8%)], Loss: 3.500386, Top1:15.266, Top5:41.163
Train Epoch: 2 [4480/50000 (9%)], Loss: 3.366977, Top1:15.339, Top5:41.659
Train Epoch: 2 [5120/50000 (10%)], Loss: 3.761197, Top1:15.451, Top5:41.860
Train Epoch: 2 [5760/50000 (12%)], Loss: 3.596821, Top1:15.677, Top5:42.188
Train Epoch: 2 [6400/50000 (13%)], Loss: 3.386421, Top1:15.610, Top5:41.832
Train Epoch: 2 [7040/50000 (14%)], Loss: 3.172030, Top1:15.639, Top5:42.314
Train Epoch: 2 [7680/50000 (15%)], Loss: 3.433373, Top1:15.651, Top5:42.472
Train Epoch: 2 [8320/50000 (17%)], Loss: 3.217333, Top1:15.661, Top5:42.617
Train Epoch: 2 [8960/50000 (18%)], Loss: 3.163928, Top1:15.813, Top5:42.819
Train Epoch: 2 [9600/50000 (19%)], Loss: 3.455159, Top1:15.853, Top5:42.736
Train Epoch: 2 [10240/50000 (20%)], Loss: 3.508969, Top1:15.693, Top5:42.585
Train Epoch: 2 [10880/50000 (22%)], Loss: 3.283332, Top1:15.826, Top5:42.644
Train Epoch: 2 [11520/50000 (23%)], Loss: 3.473030, Top1:15.711, Top5:42.688
Train Epoch: 2 [12160/50000 (24%)], Loss: 3.472094, Top1:15.895, Top5:42.809
Train Epoch: 2 [12800/50000 (26%)], Loss: 3.485382, Top1:15.967, Top5:42.965
Train Epoch: 2 [13440/50000 (27%)], Loss: 3.173215, Top1:16.062, Top5:43.032
Train Epoch: 2 [14080/50000 (28%)], Loss: 3.473709, Top1:16.035, Top5:43.036
Train Epoch: 2 [14720/50000 (29%)], Loss: 3.425151, Top1:16.126, Top5:43.047
Train Epoch: 2 [15360/50000 (31%)], Loss: 3.526166, Top1:16.202, Top5:43.128
Train Epoch: 2 [16000/50000 (32%)], Loss: 3.417265, Top1:16.316, Top5:43.240
Train Epoch: 2 [16640/50000 (33%)], Loss: 3.356091, Top1:16.325, Top5:43.319
Train Epoch: 2 [17280/50000 (35%)], Loss: 3.596657, Top1:16.380, Top5:43.416
Train Epoch: 2 [17920/50000 (36%)], Loss: 3.454591, Top1:16.554, Top5:43.600
Train Epoch: 2 [18560/50000 (37%)], Loss: 3.498098, Top1:16.651, Top5:43.584
Train Epoch: 2 [19200/50000 (38%)], Loss: 3.391930, Top1:16.658, Top5:43.631
Train Epoch: 2 [19840/50000 (40%)], Loss: 3.371350, Top1:16.786, Top5:43.730
Train Epoch: 2 [20480/50000 (41%)], Loss: 3.339398, Top1:16.808, Top5:43.731
Train Epoch: 2 [21120/50000 (42%)], Loss: 3.437694, Top1:16.909, Top5:43.807
Train Epoch: 2 [21760/50000 (43%)], Loss: 3.362073, Top1:16.935, Top5:43.787
Train Epoch: 2 [22400/50000 (45%)], Loss: 3.207906, Top1:16.996, Top5:43.861
Train Epoch: 2 [23040/50000 (46%)], Loss: 3.493662, Top1:17.079, Top5:43.971
Train Epoch: 2 [23680/50000 (47%)], Loss: 3.260735, Top1:17.141, Top5:44.108
Train Epoch: 2 [24320/50000 (49%)], Loss: 3.417899, Top1:17.167, Top5:44.168
Train Epoch: 2 [24960/50000 (50%)], Loss: 3.343546, Top1:17.259, Top5:44.258
Train Epoch: 2 [25600/50000 (51%)], Loss: 3.365419, Top1:17.246, Top5:44.307
Train Epoch: 2 [26240/50000 (52%)], Loss: 3.117807, Top1:17.332, Top5:44.392
Train Epoch: 2 [26880/50000 (54%)], Loss: 3.136604, Top1:17.410, Top5:44.544
Train Epoch: 2 [27520/50000 (55%)], Loss: 3.174612, Top1:17.510, Top5:44.685
Train Epoch: 2 [28160/50000 (56%)], Loss: 3.252960, Top1:17.535, Top5:44.760
Train Epoch: 2 [28800/50000 (58%)], Loss: 3.090730, Top1:17.607, Top5:44.883
Train Epoch: 2 [29440/50000 (59%)], Loss: 3.126093, Top1:17.730, Top5:44.957
Train Epoch: 2 [30080/50000 (60%)], Loss: 3.401762, Top1:17.768, Top5:44.987
Train Epoch: 2 [30720/50000 (61%)], Loss: 3.265638, Top1:17.743, Top5:44.962
Train Epoch: 2 [31360/50000 (63%)], Loss: 3.190548, Top1:17.798, Top5:45.067
Train Epoch: 2 [32000/50000 (64%)], Loss: 3.591350, Top1:17.839, Top5:45.113
Train Epoch: 2 [32640/50000 (65%)], Loss: 3.299594, Top1:17.857, Top5:45.175
Train Epoch: 2 [33280/50000 (66%)], Loss: 3.478776, Top1:17.910, Top5:45.274
Train Epoch: 2 [33920/50000 (68%)], Loss: 2.859286, Top1:17.950, Top5:45.380
Train Epoch: 2 [34560/50000 (69%)], Loss: 3.050640, Top1:17.950, Top5:45.416
Train Epoch: 2 [35200/50000 (70%)], Loss: 3.525442, Top1:18.001, Top5:45.480
Train Epoch: 2 [35840/50000 (72%)], Loss: 3.206792, Top1:18.043, Top5:45.555
Train Epoch: 2 [36480/50000 (73%)], Loss: 3.179937, Top1:18.140, Top5:45.649
Train Epoch: 2 [37120/50000 (74%)], Loss: 3.611429, Top1:18.164, Top5:45.721
Train Epoch: 2 [37760/50000 (75%)], Loss: 3.203323, Top1:18.229, Top5:45.788
Train Epoch: 2 [38400/50000 (77%)], Loss: 3.152773, Top1:18.261, Top5:45.848
Train Epoch: 2 [39040/50000 (78%)], Loss: 3.543266, Top1:18.285, Top5:45.885
Train Epoch: 2 [39680/50000 (79%)], Loss: 3.452376, Top1:18.297, Top5:45.924
Train Epoch: 2 [40320/50000 (81%)], Loss: 3.352759, Top1:18.294, Top5:45.934
Train Epoch: 2 [40960/50000 (82%)], Loss: 3.016065, Top1:18.348, Top5:46.019
Train Epoch: 2 [41600/50000 (83%)], Loss: 3.446818, Top1:18.344, Top5:46.037
Train Epoch: 2 [42240/50000 (84%)], Loss: 3.289615, Top1:18.384, Top5:46.083
Train Epoch: 2 [42880/50000 (86%)], Loss: 3.208401, Top1:18.424, Top5:46.121
Train Epoch: 2 [43520/50000 (87%)], Loss: 3.128810, Top1:18.482, Top5:46.187
Train Epoch: 2 [44160/50000 (88%)], Loss: 3.261749, Top1:18.542, Top5:46.233
Train Epoch: 2 [44800/50000 (90%)], Loss: 3.048709, Top1:18.556, Top5:46.302
Train Epoch: 2 [45440/50000 (91%)], Loss: 2.935981, Top1:18.592, Top5:46.372
Train Epoch: 2 [46080/50000 (92%)], Loss: 3.569435, Top1:18.594, Top5:46.381
Train Epoch: 2 [46720/50000 (93%)], Loss: 2.996589, Top1:18.635, Top5:46.435
Train Epoch: 2 [47360/50000 (95%)], Loss: 2.792063, Top1:18.706, Top5:46.521
Train Epoch: 2 [48000/50000 (96%)], Loss: 3.081820, Top1:18.835, Top5:46.652
Train Epoch: 2 [48640/50000 (97%)], Loss: 2.979557, Top1:18.916, Top5:46.768
Train Epoch: 2 [49280/50000 (98%)], Loss: 3.163433, Top1:18.912, Top5:46.786
Train Epoch: 2 [49920/50000 (100%)], Loss: 2.993245, Top1:18.950, Top5:46.877
Training Time: 193.792394161

Test set: Average loss: 0.0486, Top1:24.160, Top5:54.260

Train Epoch: 3 [0/50000 (0%)], Loss: 2.995286, Top1:15.625, Top5:56.250
Train Epoch: 3 [640/50000 (1%)], Loss: 3.153855, Top1:22.301, Top5:54.261
Train Epoch: 3 [1280/50000 (3%)], Loss: 2.928954, Top1:23.214, Top5:54.539
Train Epoch: 3 [1920/50000 (4%)], Loss: 3.292138, Top1:23.085, Top5:54.284
Train Epoch: 3 [2560/50000 (5%)], Loss: 2.773989, Top1:22.904, Top5:53.887
Train Epoch: 3 [3200/50000 (6%)], Loss: 2.867658, Top1:22.947, Top5:53.830
Train Epoch: 3 [3840/50000 (8%)], Loss: 3.109240, Top1:23.181, Top5:53.612
Train Epoch: 3 [4480/50000 (9%)], Loss: 3.386483, Top1:23.415, Top5:53.521
Train Epoch: 3 [5120/50000 (10%)], Loss: 2.959898, Top1:23.438, Top5:53.781
Train Epoch: 3 [5760/50000 (12%)], Loss: 2.660189, Top1:23.506, Top5:53.846
Train Epoch: 3 [6400/50000 (13%)], Loss: 2.762855, Top1:24.010, Top5:54.208
Train Epoch: 3 [7040/50000 (14%)], Loss: 2.316392, Top1:24.001, Top5:54.124
Train Epoch: 3 [7680/50000 (15%)], Loss: 3.167123, Top1:24.057, Top5:54.145
Train Epoch: 3 [8320/50000 (17%)], Loss: 2.575181, Top1:24.416, Top5:54.473
Train Epoch: 3 [8960/50000 (18%)], Loss: 2.969741, Top1:24.379, Top5:54.466
Train Epoch: 3 [9600/50000 (19%)], Loss: 2.851483, Top1:24.493, Top5:54.574
Train Epoch: 3 [10240/50000 (20%)], Loss: 3.090119, Top1:24.321, Top5:54.542
Train Epoch: 3 [10880/50000 (22%)], Loss: 2.826165, Top1:24.095, Top5:54.404
Train Epoch: 3 [11520/50000 (23%)], Loss: 2.994439, Top1:24.318, Top5:54.515
Train Epoch: 3 [12160/50000 (24%)], Loss: 3.108516, Top1:24.386, Top5:54.598
Train Epoch: 3 [12800/50000 (26%)], Loss: 3.017803, Top1:24.502, Top5:54.703
Train Epoch: 3 [13440/50000 (27%)], Loss: 3.069404, Top1:24.563, Top5:54.621
Train Epoch: 3 [14080/50000 (28%)], Loss: 3.181757, Top1:24.512, Top5:54.454
Train Epoch: 3 [14720/50000 (29%)], Loss: 3.046545, Top1:24.513, Top5:54.430
Train Epoch: 3 [15360/50000 (31%)], Loss: 3.076022, Top1:24.475, Top5:54.422
Train Epoch: 3 [16000/50000 (32%)], Loss: 2.941669, Top1:24.477, Top5:54.501
Train Epoch: 3 [16640/50000 (33%)], Loss: 2.855720, Top1:24.539, Top5:54.520
Train Epoch: 3 [17280/50000 (35%)], Loss: 3.233149, Top1:24.545, Top5:54.497
Train Epoch: 3 [17920/50000 (36%)], Loss: 3.232053, Top1:24.566, Top5:54.582
Train Epoch: 3 [18560/50000 (37%)], Loss: 2.749578, Top1:24.624, Top5:54.806
Train Epoch: 3 [19200/50000 (38%)], Loss: 3.013158, Top1:24.631, Top5:54.833
Train Epoch: 3 [19840/50000 (40%)], Loss: 3.040912, Top1:24.583, Top5:54.888
Train Epoch: 3 [20480/50000 (41%)], Loss: 2.841797, Top1:24.684, Top5:54.872
Train Epoch: 3 [21120/50000 (42%)], Loss: 2.574275, Top1:24.783, Top5:54.990
Train Epoch: 3 [21760/50000 (43%)], Loss: 2.940754, Top1:24.748, Top5:54.990
Train Epoch: 3 [22400/50000 (45%)], Loss: 3.301991, Top1:24.724, Top5:55.008
Train Epoch: 3 [23040/50000 (46%)], Loss: 2.957851, Top1:24.740, Top5:55.029
Train Epoch: 3 [23680/50000 (47%)], Loss: 3.304389, Top1:24.789, Top5:55.088
Train Epoch: 3 [24320/50000 (49%)], Loss: 2.748912, Top1:24.791, Top5:55.073
Train Epoch: 3 [24960/50000 (50%)], Loss: 2.836573, Top1:24.748, Top5:55.055
Train Epoch: 3 [25600/50000 (51%)], Loss: 2.996681, Top1:24.790, Top5:55.167
Train Epoch: 3 [26240/50000 (52%)], Loss: 2.825135, Top1:24.787, Top5:55.205
Train Epoch: 3 [26880/50000 (54%)], Loss: 3.075297, Top1:24.892, Top5:55.285
Train Epoch: 3 [27520/50000 (55%)], Loss: 3.120093, Top1:24.880, Top5:55.311
Train Epoch: 3 [28160/50000 (56%)], Loss: 3.143223, Top1:24.996, Top5:55.463
Train Epoch: 3 [28800/50000 (58%)], Loss: 3.017031, Top1:25.073, Top5:55.599
Train Epoch: 3 [29440/50000 (59%)], Loss: 2.797749, Top1:25.102, Top5:55.657
Train Epoch: 3 [30080/50000 (60%)], Loss: 2.960143, Top1:25.100, Top5:55.679
Train Epoch: 3 [30720/50000 (61%)], Loss: 2.764078, Top1:25.088, Top5:55.623
Train Epoch: 3 [31360/50000 (63%)], Loss: 3.132888, Top1:25.089, Top5:55.645
Train Epoch: 3 [32000/50000 (64%)], Loss: 2.714035, Top1:25.150, Top5:55.717
Train Epoch: 3 [32640/50000 (65%)], Loss: 2.741224, Top1:25.202, Top5:55.782
Train Epoch: 3 [33280/50000 (66%)], Loss: 3.235201, Top1:25.261, Top5:55.809
Train Epoch: 3 [33920/50000 (68%)], Loss: 3.182096, Top1:25.262, Top5:55.856
Train Epoch: 3 [34560/50000 (69%)], Loss: 2.808621, Top1:25.295, Top5:55.906
Train Epoch: 3 [35200/50000 (70%)], Loss: 2.989708, Top1:25.326, Top5:55.995
Train Epoch: 3 [35840/50000 (72%)], Loss: 3.104696, Top1:25.345, Top5:56.058
Train Epoch: 3 [36480/50000 (73%)], Loss: 3.005914, Top1:25.386, Top5:56.168
Train Epoch: 3 [37120/50000 (74%)], Loss: 2.880899, Top1:25.444, Top5:56.250
Train Epoch: 3 [37760/50000 (75%)], Loss: 2.921526, Top1:25.502, Top5:56.266
Train Epoch: 3 [38400/50000 (77%)], Loss: 2.680090, Top1:25.543, Top5:56.299
Train Epoch: 3 [39040/50000 (78%)], Loss: 2.791378, Top1:25.614, Top5:56.322
Train Epoch: 3 [39680/50000 (79%)], Loss: 2.789427, Top1:25.647, Top5:56.361
Train Epoch: 3 [40320/50000 (81%)], Loss: 3.421551, Top1:25.691, Top5:56.391
Train Epoch: 3 [40960/50000 (82%)], Loss: 2.808446, Top1:25.780, Top5:56.457
Train Epoch: 3 [41600/50000 (83%)], Loss: 3.102728, Top1:25.816, Top5:56.454
Train Epoch: 3 [42240/50000 (84%)], Loss: 2.530237, Top1:25.834, Top5:56.477
Train Epoch: 3 [42880/50000 (86%)], Loss: 2.623545, Top1:25.862, Top5:56.527
Train Epoch: 3 [43520/50000 (87%)], Loss: 2.817450, Top1:25.831, Top5:56.553
Train Epoch: 3 [44160/50000 (88%)], Loss: 2.598005, Top1:25.839, Top5:56.594
Train Epoch: 3 [44800/50000 (90%)], Loss: 2.668519, Top1:25.880, Top5:56.656
Train Epoch: 3 [45440/50000 (91%)], Loss: 2.973490, Top1:25.923, Top5:56.679
Train Epoch: 3 [46080/50000 (92%)], Loss: 2.735237, Top1:25.960, Top5:56.722
Train Epoch: 3 [46720/50000 (93%)], Loss: 2.885752, Top1:26.011, Top5:56.778
Train Epoch: 3 [47360/50000 (95%)], Loss: 2.718173, Top1:26.048, Top5:56.817
Train Epoch: 3 [48000/50000 (96%)], Loss: 2.434905, Top1:26.076, Top5:56.851
Train Epoch: 3 [48640/50000 (97%)], Loss: 2.789435, Top1:26.090, Top5:56.886
Train Epoch: 3 [49280/50000 (98%)], Loss: 2.692032, Top1:26.092, Top5:56.888
Train Epoch: 3 [49920/50000 (100%)], Loss: 2.612374, Top1:26.108, Top5:56.922
Training Time: 298.166109085

Test set: Average loss: 0.0461, Top1:27.010, Top5:57.280

Train Epoch: 4 [0/50000 (0%)], Loss: 3.062166, Top1:18.750, Top5:60.938
Train Epoch: 4 [640/50000 (1%)], Loss: 2.354546, Top1:30.682, Top5:62.642
Train Epoch: 4 [1280/50000 (3%)], Loss: 2.742926, Top1:31.027, Top5:62.649
Train Epoch: 4 [1920/50000 (4%)], Loss: 2.649791, Top1:31.351, Top5:62.399
Train Epoch: 4 [2560/50000 (5%)], Loss: 2.536794, Top1:31.707, Top5:62.424
Train Epoch: 4 [3200/50000 (6%)], Loss: 2.591237, Top1:31.434, Top5:62.500
Train Epoch: 4 [3840/50000 (8%)], Loss: 2.631253, Top1:31.327, Top5:62.295
Train Epoch: 4 [4480/50000 (9%)], Loss: 2.607775, Top1:31.074, Top5:62.434
Train Epoch: 4 [5120/50000 (10%)], Loss: 2.842807, Top1:30.768, Top5:62.288
Train Epoch: 4 [5760/50000 (12%)], Loss: 2.791256, Top1:30.907, Top5:62.191
Train Epoch: 4 [6400/50000 (13%)], Loss: 2.755656, Top1:30.848, Top5:62.036
Train Epoch: 4 [7040/50000 (14%)], Loss: 2.728116, Top1:30.617, Top5:61.979
Train Epoch: 4 [7680/50000 (15%)], Loss: 2.480089, Top1:30.475, Top5:61.971
Train Epoch: 4 [8320/50000 (17%)], Loss: 2.707273, Top1:30.833, Top5:62.130
Train Epoch: 4 [8960/50000 (18%)], Loss: 2.569025, Top1:31.095, Top5:62.345
Train Epoch: 4 [9600/50000 (19%)], Loss: 2.802065, Top1:31.064, Top5:62.241
Train Epoch: 4 [10240/50000 (20%)], Loss: 3.116901, Top1:31.007, Top5:61.986
Train Epoch: 4 [10880/50000 (22%)], Loss: 2.610219, Top1:31.095, Top5:61.897
Train Epoch: 4 [11520/50000 (23%)], Loss: 2.050400, Top1:31.190, Top5:62.103
Train Epoch: 4 [12160/50000 (24%)], Loss: 2.557496, Top1:31.250, Top5:62.156
Train Epoch: 4 [12800/50000 (26%)], Loss: 2.690065, Top1:31.273, Top5:62.174
Train Epoch: 4 [13440/50000 (27%)], Loss: 2.885549, Top1:31.228, Top5:62.256
Train Epoch: 4 [14080/50000 (28%)], Loss: 2.589110, Top1:31.229, Top5:62.203
Train Epoch: 4 [14720/50000 (29%)], Loss: 2.836306, Top1:31.324, Top5:62.263
Train Epoch: 4 [15360/50000 (31%)], Loss: 2.969802, Top1:31.166, Top5:62.247
Train Epoch: 4 [16000/50000 (32%)], Loss: 2.579422, Top1:31.213, Top5:62.369
Train Epoch: 4 [16640/50000 (33%)], Loss: 2.473887, Top1:31.214, Top5:62.464
Train Epoch: 4 [17280/50000 (35%)], Loss: 2.311170, Top1:31.331, Top5:62.546
Train Epoch: 4 [17920/50000 (36%)], Loss: 2.856318, Top1:31.300, Top5:62.467
Train Epoch: 4 [18560/50000 (37%)], Loss: 2.672482, Top1:31.298, Top5:62.559
Train Epoch: 4 [19200/50000 (38%)], Loss: 2.956380, Top1:31.208, Top5:62.500
Train Epoch: 4 [19840/50000 (40%)], Loss: 2.552200, Top1:31.150, Top5:62.515
Train Epoch: 4 [20480/50000 (41%)], Loss: 2.567649, Top1:31.143, Top5:62.471
Train Epoch: 4 [21120/50000 (42%)], Loss: 2.996948, Top1:31.075, Top5:62.391
Train Epoch: 4 [21760/50000 (43%)], Loss: 2.508250, Top1:31.090, Top5:62.500
Train Epoch: 4 [22400/50000 (45%)], Loss: 2.794693, Top1:31.103, Top5:62.496
Train Epoch: 4 [23040/50000 (46%)], Loss: 2.775910, Top1:31.116, Top5:62.465
Train Epoch: 4 [23680/50000 (47%)], Loss: 2.816283, Top1:31.069, Top5:62.500
Train Epoch: 4 [24320/50000 (49%)], Loss: 2.801856, Top1:31.176, Top5:62.426
Train Epoch: 4 [24960/50000 (50%)], Loss: 2.378567, Top1:31.270, Top5:62.500
Train Epoch: 4 [25600/50000 (51%)], Loss: 2.903317, Top1:31.246, Top5:62.449
Train Epoch: 4 [26240/50000 (52%)], Loss: 2.591845, Top1:31.250, Top5:62.473
Train Epoch: 4 [26880/50000 (54%)], Loss: 2.583887, Top1:31.224, Top5:62.481
Train Epoch: 4 [27520/50000 (55%)], Loss: 2.610236, Top1:31.214, Top5:62.453
Train Epoch: 4 [28160/50000 (56%)], Loss: 2.876459, Top1:31.186, Top5:62.436
Train Epoch: 4 [28800/50000 (58%)], Loss: 2.577183, Top1:31.181, Top5:62.472
Train Epoch: 4 [29440/50000 (59%)], Loss: 3.022779, Top1:31.087, Top5:62.408
Train Epoch: 4 [30080/50000 (60%)], Loss: 2.901430, Top1:31.051, Top5:62.417
Train Epoch: 4 [30720/50000 (61%)], Loss: 2.472965, Top1:31.172, Top5:62.523
Train Epoch: 4 [31360/50000 (63%)], Loss: 2.592180, Top1:31.199, Top5:62.592
Train Epoch: 4 [32000/50000 (64%)], Loss: 2.852863, Top1:31.178, Top5:62.628
Train Epoch: 4 [32640/50000 (65%)], Loss: 2.431013, Top1:31.232, Top5:62.665
Train Epoch: 4 [33280/50000 (66%)], Loss: 2.666602, Top1:31.211, Top5:62.674
Train Epoch: 4 [33920/50000 (68%)], Loss: 2.450134, Top1:31.209, Top5:62.706
Train Epoch: 4 [34560/50000 (69%)], Loss: 2.886190, Top1:31.178, Top5:62.679
Train Epoch: 4 [35200/50000 (70%)], Loss: 2.952176, Top1:31.145, Top5:62.625
Train Epoch: 4 [35840/50000 (72%)], Loss: 2.773134, Top1:31.178, Top5:62.659
Train Epoch: 4 [36480/50000 (73%)], Loss: 2.519821, Top1:31.173, Top5:62.648
Train Epoch: 4 [37120/50000 (74%)], Loss: 2.533853, Top1:31.207, Top5:62.680
Train Epoch: 4 [37760/50000 (75%)], Loss: 2.847441, Top1:31.284, Top5:62.727
Train Epoch: 4 [38400/50000 (77%)], Loss: 2.610766, Top1:31.315, Top5:62.809
Train Epoch: 4 [39040/50000 (78%)], Loss: 2.855246, Top1:31.334, Top5:62.881
Train Epoch: 4 [39680/50000 (79%)], Loss: 2.523465, Top1:31.351, Top5:62.908
Train Epoch: 4 [40320/50000 (81%)], Loss: 2.571190, Top1:31.374, Top5:62.961
Train Epoch: 4 [40960/50000 (82%)], Loss: 2.441765, Top1:31.345, Top5:62.929
Train Epoch: 4 [41600/50000 (83%)], Loss: 2.353691, Top1:31.356, Top5:62.951
Train Epoch: 4 [42240/50000 (84%)], Loss: 2.301220, Top1:31.392, Top5:63.029
Train Epoch: 4 [42880/50000 (86%)], Loss: 2.511632, Top1:31.411, Top5:63.068
Train Epoch: 4 [43520/50000 (87%)], Loss: 2.705333, Top1:31.461, Top5:63.080
Train Epoch: 4 [44160/50000 (88%)], Loss: 2.462586, Top1:31.469, Top5:63.117
Train Epoch: 4 [44800/50000 (90%)], Loss: 2.856605, Top1:31.446, Top5:63.068
Train Epoch: 4 [45440/50000 (91%)], Loss: 2.774949, Top1:31.490, Top5:63.111
Train Epoch: 4 [46080/50000 (92%)], Loss: 2.527650, Top1:31.512, Top5:63.150
Train Epoch: 4 [46720/50000 (93%)], Loss: 2.780224, Top1:31.528, Top5:63.146
Train Epoch: 4 [47360/50000 (95%)], Loss: 2.821105, Top1:31.552, Top5:63.168
Train Epoch: 4 [48000/50000 (96%)], Loss: 2.584282, Top1:31.591, Top5:63.197
Train Epoch: 4 [48640/50000 (97%)], Loss: 2.393962, Top1:31.644, Top5:63.264
Train Epoch: 4 [49280/50000 (98%)], Loss: 2.726422, Top1:31.661, Top5:63.292
Train Epoch: 4 [49920/50000 (100%)], Loss: 2.879231, Top1:31.668, Top5:63.270
Training Time: 398.604264021

Test set: Average loss: 0.0423, Top1:31.290, Top5:63.270

Train Epoch: 5 [0/50000 (0%)], Loss: 2.482977, Top1:35.938, Top5:62.500
Train Epoch: 5 [640/50000 (1%)], Loss: 2.526473, Top1:39.205, Top5:67.472
Train Epoch: 5 [1280/50000 (3%)], Loss: 2.672032, Top1:38.839, Top5:67.783
Train Epoch: 5 [1920/50000 (4%)], Loss: 2.571512, Top1:37.349, Top5:67.792
Train Epoch: 5 [2560/50000 (5%)], Loss: 2.279017, Top1:36.662, Top5:68.331
Train Epoch: 5 [3200/50000 (6%)], Loss: 2.569432, Top1:36.091, Top5:67.586
Train Epoch: 5 [3840/50000 (8%)], Loss: 2.758970, Top1:35.835, Top5:67.341
Train Epoch: 5 [4480/50000 (9%)], Loss: 2.630370, Top1:35.343, Top5:67.254
Train Epoch: 5 [5120/50000 (10%)], Loss: 2.450529, Top1:35.475, Top5:67.477
Train Epoch: 5 [5760/50000 (12%)], Loss: 2.279415, Top1:35.474, Top5:67.703
Train Epoch: 5 [6400/50000 (13%)], Loss: 2.172314, Top1:35.644, Top5:67.837
Train Epoch: 5 [7040/50000 (14%)], Loss: 2.487239, Top1:35.529, Top5:67.821
Train Epoch: 5 [7680/50000 (15%)], Loss: 2.386653, Top1:35.305, Top5:67.678
Train Epoch: 5 [8320/50000 (17%)], Loss: 2.420763, Top1:35.413, Top5:67.760
Train Epoch: 5 [8960/50000 (18%)], Loss: 2.687046, Top1:35.151, Top5:67.653
Train Epoch: 5 [9600/50000 (19%)], Loss: 2.519072, Top1:35.110, Top5:67.684
Train Epoch: 5 [10240/50000 (20%)], Loss: 2.999115, Top1:35.054, Top5:67.430
Train Epoch: 5 [10880/50000 (22%)], Loss: 2.695583, Top1:34.987, Top5:67.306
Train Epoch: 5 [11520/50000 (23%)], Loss: 2.638694, Top1:34.884, Top5:67.222
Train Epoch: 5 [12160/50000 (24%)], Loss: 2.449482, Top1:34.759, Top5:67.171
Train Epoch: 5 [12800/50000 (26%)], Loss: 2.299550, Top1:34.538, Top5:67.094
Train Epoch: 5 [13440/50000 (27%)], Loss: 2.638829, Top1:34.516, Top5:67.106
Train Epoch: 5 [14080/50000 (28%)], Loss: 2.400157, Top1:34.410, Top5:67.060
Train Epoch: 5 [14720/50000 (29%)], Loss: 2.870604, Top1:34.470, Top5:67.147
Train Epoch: 5 [15360/50000 (31%)], Loss: 2.741246, Top1:34.537, Top5:67.168
Train Epoch: 5 [16000/50000 (32%)], Loss: 2.261403, Top1:34.630, Top5:67.237
Train Epoch: 5 [16640/50000 (33%)], Loss: 2.474277, Top1:34.638, Top5:67.289
Train Epoch: 5 [17280/50000 (35%)], Loss: 2.138252, Top1:34.640, Top5:67.297
Train Epoch: 5 [17920/50000 (36%)], Loss: 2.178818, Top1:34.636, Top5:67.293
Train Epoch: 5 [18560/50000 (37%)], Loss: 2.386372, Top1:34.611, Top5:67.204
Train Epoch: 5 [19200/50000 (38%)], Loss: 2.559829, Top1:34.609, Top5:67.182
Train Epoch: 5 [19840/50000 (40%)], Loss: 2.281554, Top1:34.586, Top5:67.182
Train Epoch: 5 [20480/50000 (41%)], Loss: 2.076536, Top1:34.696, Top5:67.251
Train Epoch: 5 [21120/50000 (42%)], Loss: 2.704265, Top1:34.696, Top5:67.244
Train Epoch: 5 [21760/50000 (43%)], Loss: 2.433626, Top1:34.677, Top5:67.265
Train Epoch: 5 [22400/50000 (45%)], Loss: 2.228476, Top1:34.629, Top5:67.210
Train Epoch: 5 [23040/50000 (46%)], Loss: 2.410708, Top1:34.669, Top5:67.222
Train Epoch: 5 [23680/50000 (47%)], Loss: 2.761095, Top1:34.623, Top5:67.171
Train Epoch: 5 [24320/50000 (49%)], Loss: 2.841577, Top1:34.592, Top5:67.146
Train Epoch: 5 [24960/50000 (50%)], Loss: 2.397567, Top1:34.619, Top5:67.136
Train Epoch: 5 [25600/50000 (51%)], Loss: 2.382956, Top1:34.741, Top5:67.145
Train Epoch: 5 [26240/50000 (52%)], Loss: 2.672085, Top1:34.755, Top5:67.157
Train Epoch: 5 [26880/50000 (54%)], Loss: 2.470469, Top1:34.895, Top5:67.225
Train Epoch: 5 [27520/50000 (55%)], Loss: 2.089591, Top1:34.973, Top5:67.311
Train Epoch: 5 [28160/50000 (56%)], Loss: 2.398553, Top1:35.016, Top5:67.343
Train Epoch: 5 [28800/50000 (58%)], Loss: 2.461902, Top1:35.089, Top5:67.357
Train Epoch: 5 [29440/50000 (59%)], Loss: 1.880577, Top1:35.192, Top5:67.367
Train Epoch: 5 [30080/50000 (60%)], Loss: 2.269713, Top1:35.168, Top5:67.377
Train Epoch: 5 [30720/50000 (61%)], Loss: 2.746736, Top1:35.301, Top5:67.451
Train Epoch: 5 [31360/50000 (63%)], Loss: 2.339740, Top1:35.301, Top5:67.452
Train Epoch: 5 [32000/50000 (64%)], Loss: 2.158668, Top1:35.367, Top5:67.512
Train Epoch: 5 [32640/50000 (65%)], Loss: 2.565582, Top1:35.347, Top5:67.515
Train Epoch: 5 [33280/50000 (66%)], Loss: 2.835609, Top1:35.335, Top5:67.493
Train Epoch: 5 [33920/50000 (68%)], Loss: 2.717210, Top1:35.331, Top5:67.473
Train Epoch: 5 [34560/50000 (69%)], Loss: 2.976932, Top1:35.340, Top5:67.473
Train Epoch: 5 [35200/50000 (70%)], Loss: 2.664158, Top1:35.294, Top5:67.465
Train Epoch: 5 [35840/50000 (72%)], Loss: 2.596575, Top1:35.286, Top5:67.469
Train Epoch: 5 [36480/50000 (73%)], Loss: 2.522809, Top1:35.286, Top5:67.469
Train Epoch: 5 [37120/50000 (74%)], Loss: 2.241476, Top1:35.201, Top5:67.465
Train Epoch: 5 [37760/50000 (75%)], Loss: 2.153351, Top1:35.203, Top5:67.507
Train Epoch: 5 [38400/50000 (77%)], Loss: 2.218257, Top1:35.199, Top5:67.510
Train Epoch: 5 [39040/50000 (78%)], Loss: 2.678198, Top1:35.173, Top5:67.443
Train Epoch: 5 [39680/50000 (79%)], Loss: 2.072584, Top1:35.198, Top5:67.459
Train Epoch: 5 [40320/50000 (81%)], Loss: 2.516441, Top1:35.247, Top5:67.495
Train Epoch: 5 [40960/50000 (82%)], Loss: 2.326854, Top1:35.221, Top5:67.485
Train Epoch: 5 [41600/50000 (83%)], Loss: 2.599258, Top1:35.241, Top5:67.483
Train Epoch: 5 [42240/50000 (84%)], Loss: 2.570141, Top1:35.271, Top5:67.462
Train Epoch: 5 [42880/50000 (86%)], Loss: 2.666857, Top1:35.290, Top5:67.474
Train Epoch: 5 [43520/50000 (87%)], Loss: 2.384706, Top1:35.300, Top5:67.522
Train Epoch: 5 [44160/50000 (88%)], Loss: 2.325032, Top1:35.266, Top5:67.497
Train Epoch: 5 [44800/50000 (90%)], Loss: 2.386014, Top1:35.287, Top5:67.502
Train Epoch: 5 [45440/50000 (91%)], Loss: 2.838510, Top1:35.254, Top5:67.445
Train Epoch: 5 [46080/50000 (92%)], Loss: 2.333892, Top1:35.261, Top5:67.445
Train Epoch: 5 [46720/50000 (93%)], Loss: 2.494296, Top1:35.260, Top5:67.425
Train Epoch: 5 [47360/50000 (95%)], Loss: 2.443192, Top1:35.273, Top5:67.398
Train Epoch: 5 [48000/50000 (96%)], Loss: 2.343592, Top1:35.265, Top5:67.410
Train Epoch: 5 [48640/50000 (97%)], Loss: 2.206114, Top1:35.322, Top5:67.422
Train Epoch: 5 [49280/50000 (98%)], Loss: 2.616264, Top1:35.360, Top5:67.453
Train Epoch: 5 [49920/50000 (100%)], Loss: 2.686790, Top1:35.369, Top5:67.468
Training Time: 498.208601952

Test set: Average loss: 0.0398, Top1:35.510, Top5:67.160

Train Epoch: 6 [0/50000 (0%)], Loss: 2.508508, Top1:23.438, Top5:70.312
Train Epoch: 6 [640/50000 (1%)], Loss: 2.270148, Top1:34.233, Top5:68.040
Train Epoch: 6 [1280/50000 (3%)], Loss: 2.386947, Top1:35.193, Top5:69.643
Train Epoch: 6 [1920/50000 (4%)], Loss: 2.350948, Top1:34.929, Top5:70.312
Train Epoch: 6 [2560/50000 (5%)], Loss: 2.302396, Top1:35.899, Top5:70.274
Train Epoch: 6 [3200/50000 (6%)], Loss: 2.069032, Top1:37.163, Top5:70.833
Train Epoch: 6 [3840/50000 (8%)], Loss: 2.260200, Top1:37.628, Top5:70.620
Train Epoch: 6 [4480/50000 (9%)], Loss: 2.163657, Top1:38.336, Top5:70.863
Train Epoch: 6 [5120/50000 (10%)], Loss: 2.506730, Top1:38.291, Top5:70.351
Train Epoch: 6 [5760/50000 (12%)], Loss: 2.102272, Top1:38.135, Top5:70.192
Train Epoch: 6 [6400/50000 (13%)], Loss: 2.154863, Top1:38.397, Top5:70.297
Train Epoch: 6 [7040/50000 (14%)], Loss: 2.334537, Top1:38.556, Top5:70.256
Train Epoch: 6 [7680/50000 (15%)], Loss: 2.068797, Top1:38.598, Top5:70.545
Train Epoch: 6 [8320/50000 (17%)], Loss: 1.968858, Top1:38.800, Top5:70.778
Train Epoch: 6 [8960/50000 (18%)], Loss: 2.556365, Top1:38.841, Top5:70.545
Train Epoch: 6 [9600/50000 (19%)], Loss: 1.824662, Top1:38.949, Top5:70.613
Train Epoch: 6 [10240/50000 (20%)], Loss: 2.316892, Top1:38.927, Top5:70.458
Train Epoch: 6 [10880/50000 (22%)], Loss: 2.192420, Top1:38.999, Top5:70.468
Train Epoch: 6 [11520/50000 (23%)], Loss: 2.509082, Top1:38.985, Top5:70.382
Train Epoch: 6 [12160/50000 (24%)], Loss: 1.960968, Top1:39.071, Top5:70.476
Train Epoch: 6 [12800/50000 (26%)], Loss: 2.241107, Top1:39.008, Top5:70.375
Train Epoch: 6 [13440/50000 (27%)], Loss: 2.349153, Top1:39.100, Top5:70.431
Train Epoch: 6 [14080/50000 (28%)], Loss: 2.430350, Top1:39.105, Top5:70.482
Train Epoch: 6 [14720/50000 (29%)], Loss: 2.352507, Top1:39.191, Top5:70.664
Train Epoch: 6 [15360/50000 (31%)], Loss: 2.544067, Top1:39.205, Top5:70.591
Train Epoch: 6 [16000/50000 (32%)], Loss: 2.192480, Top1:39.168, Top5:70.624
Train Epoch: 6 [16640/50000 (33%)], Loss: 2.520689, Top1:38.997, Top5:70.600
Train Epoch: 6 [17280/50000 (35%)], Loss: 2.518284, Top1:39.022, Top5:70.693
Train Epoch: 6 [17920/50000 (36%)], Loss: 2.499188, Top1:38.923, Top5:70.674
Train Epoch: 6 [18560/50000 (37%)], Loss: 2.306314, Top1:38.869, Top5:70.619
Train Epoch: 6 [19200/50000 (38%)], Loss: 2.612246, Top1:38.902, Top5:70.655
Train Epoch: 6 [19840/50000 (40%)], Loss: 2.144841, Top1:38.892, Top5:70.634
Train Epoch: 6 [20480/50000 (41%)], Loss: 2.202518, Top1:38.897, Top5:70.673
Train Epoch: 6 [21120/50000 (42%)], Loss: 2.169357, Top1:38.864, Top5:70.695
Train Epoch: 6 [21760/50000 (43%)], Loss: 2.491648, Top1:38.902, Top5:70.647
Train Epoch: 6 [22400/50000 (45%)], Loss: 2.339112, Top1:38.925, Top5:70.713
Train Epoch: 6 [23040/50000 (46%)], Loss: 2.318649, Top1:38.959, Top5:70.654
Train Epoch: 6 [23680/50000 (47%)], Loss: 2.516594, Top1:39.067, Top5:70.725
Train Epoch: 6 [24320/50000 (49%)], Loss: 2.298616, Top1:39.083, Top5:70.702
Train Epoch: 6 [24960/50000 (50%)], Loss: 2.350873, Top1:39.023, Top5:70.636
Train Epoch: 6 [25600/50000 (51%)], Loss: 2.735305, Top1:38.985, Top5:70.648
Train Epoch: 6 [26240/50000 (52%)], Loss: 2.187387, Top1:38.945, Top5:70.651
Train Epoch: 6 [26880/50000 (54%)], Loss: 2.123738, Top1:38.951, Top5:70.702
Train Epoch: 6 [27520/50000 (55%)], Loss: 2.198679, Top1:38.946, Top5:70.762
Train Epoch: 6 [28160/50000 (56%)], Loss: 2.035518, Top1:38.914, Top5:70.713
Train Epoch: 6 [28800/50000 (58%)], Loss: 2.556049, Top1:38.862, Top5:70.676
Train Epoch: 6 [29440/50000 (59%)], Loss: 2.370259, Top1:38.890, Top5:70.665
Train Epoch: 6 [30080/50000 (60%)], Loss: 2.175992, Top1:38.900, Top5:70.691
Train Epoch: 6 [30720/50000 (61%)], Loss: 2.055086, Top1:38.890, Top5:70.732
Train Epoch: 6 [31360/50000 (63%)], Loss: 2.352423, Top1:38.827, Top5:70.713
Train Epoch: 6 [32000/50000 (64%)], Loss: 2.519290, Top1:38.772, Top5:70.712
Train Epoch: 6 [32640/50000 (65%)], Loss: 2.288288, Top1:38.769, Top5:70.738
Train Epoch: 6 [33280/50000 (66%)], Loss: 2.781536, Top1:38.715, Top5:70.675
Train Epoch: 6 [33920/50000 (68%)], Loss: 2.647224, Top1:38.577, Top5:70.530
Train Epoch: 6 [34560/50000 (69%)], Loss: 2.343813, Top1:38.557, Top5:70.477
Train Epoch: 6 [35200/50000 (70%)], Loss: 2.522939, Top1:38.529, Top5:70.398
Train Epoch: 6 [35840/50000 (72%)], Loss: 2.336045, Top1:38.503, Top5:70.360
Train Epoch: 6 [36480/50000 (73%)], Loss: 2.347522, Top1:38.493, Top5:70.356
Train Epoch: 6 [37120/50000 (74%)], Loss: 2.079775, Top1:38.487, Top5:70.296
Train Epoch: 6 [37760/50000 (75%)], Loss: 2.389005, Top1:38.428, Top5:70.217
Train Epoch: 6 [38400/50000 (77%)], Loss: 1.983992, Top1:38.428, Top5:70.255
Train Epoch: 6 [39040/50000 (78%)], Loss: 2.171666, Top1:38.433, Top5:70.302
Train Epoch: 6 [39680/50000 (79%)], Loss: 2.518655, Top1:38.436, Top5:70.325
Train Epoch: 6 [40320/50000 (81%)], Loss: 2.147348, Top1:38.406, Top5:70.308
Train Epoch: 6 [40960/50000 (82%)], Loss: 2.123142, Top1:38.421, Top5:70.369
Train Epoch: 6 [41600/50000 (83%)], Loss: 2.540357, Top1:38.402, Top5:70.385
Train Epoch: 6 [42240/50000 (84%)], Loss: 2.806730, Top1:38.398, Top5:70.360
Train Epoch: 6 [42880/50000 (86%)], Loss: 2.691691, Top1:38.373, Top5:70.333
Train Epoch: 6 [43520/50000 (87%)], Loss: 2.266012, Top1:38.367, Top5:70.361
Train Epoch: 6 [44160/50000 (88%)], Loss: 1.930163, Top1:38.373, Top5:70.374
Train Epoch: 6 [44800/50000 (90%)], Loss: 1.902303, Top1:38.363, Top5:70.395
Train Epoch: 6 [45440/50000 (91%)], Loss: 1.850877, Top1:38.386, Top5:70.370
Train Epoch: 6 [46080/50000 (92%)], Loss: 2.295340, Top1:38.404, Top5:70.384
Train Epoch: 6 [46720/50000 (93%)], Loss: 2.406661, Top1:38.443, Top5:70.415
Train Epoch: 6 [47360/50000 (95%)], Loss: 2.685178, Top1:38.466, Top5:70.407
Train Epoch: 6 [48000/50000 (96%)], Loss: 2.497014, Top1:38.467, Top5:70.379
Train Epoch: 6 [48640/50000 (97%)], Loss: 2.469608, Top1:38.488, Top5:70.411
Train Epoch: 6 [49280/50000 (98%)], Loss: 2.366043, Top1:38.497, Top5:70.406
Train Epoch: 6 [49920/50000 (100%)], Loss: 2.541857, Top1:38.502, Top5:70.421
Training Time: 597.955830097

Test set: Average loss: 0.0416, Top1:35.820, Top5:66.570

Train Epoch: 7 [0/50000 (0%)], Loss: 2.070292, Top1:45.312, Top5:78.125
Train Epoch: 7 [640/50000 (1%)], Loss: 2.132896, Top1:42.472, Top5:72.301
Train Epoch: 7 [1280/50000 (3%)], Loss: 2.166031, Top1:40.476, Top5:70.982
Train Epoch: 7 [1920/50000 (4%)], Loss: 2.264545, Top1:39.869, Top5:70.716
Train Epoch: 7 [2560/50000 (5%)], Loss: 2.192996, Top1:39.634, Top5:70.617
Train Epoch: 7 [3200/50000 (6%)], Loss: 2.356233, Top1:40.257, Top5:70.956
Train Epoch: 7 [3840/50000 (8%)], Loss: 1.990132, Top1:40.651, Top5:71.824
Train Epoch: 7 [4480/50000 (9%)], Loss: 2.028541, Top1:40.911, Top5:72.381
Train Epoch: 7 [5120/50000 (10%)], Loss: 2.322006, Top1:41.146, Top5:72.743
Train Epoch: 7 [5760/50000 (12%)], Loss: 1.911128, Top1:40.934, Top5:72.974
Train Epoch: 7 [6400/50000 (13%)], Loss: 1.985631, Top1:41.244, Top5:73.205
Train Epoch: 7 [7040/50000 (14%)], Loss: 2.097330, Top1:41.385, Top5:73.212
Train Epoch: 7 [7680/50000 (15%)], Loss: 2.752779, Top1:40.922, Top5:72.521
Train Epoch: 7 [8320/50000 (17%)], Loss: 2.533525, Top1:40.267, Top5:71.935
Train Epoch: 7 [8960/50000 (18%)], Loss: 2.386786, Top1:39.628, Top5:71.576
Train Epoch: 7 [9600/50000 (19%)], Loss: 2.635248, Top1:39.311, Top5:71.296
Train Epoch: 7 [10240/50000 (20%)], Loss: 2.133176, Top1:39.286, Top5:71.108
Train Epoch: 7 [10880/50000 (22%)], Loss: 2.081950, Top1:39.264, Top5:71.043
Train Epoch: 7 [11520/50000 (23%)], Loss: 2.290327, Top1:39.062, Top5:70.908
Train Epoch: 7 [12160/50000 (24%)], Loss: 2.281253, Top1:39.112, Top5:71.024
Train Epoch: 7 [12800/50000 (26%)], Loss: 2.275325, Top1:39.055, Top5:71.035
Train Epoch: 7 [13440/50000 (27%)], Loss: 1.966098, Top1:38.988, Top5:71.031
Train Epoch: 7 [14080/50000 (28%)], Loss: 2.262192, Top1:39.013, Top5:71.055
Train Epoch: 7 [14720/50000 (29%)], Loss: 2.208478, Top1:39.056, Top5:71.124
Train Epoch: 7 [15360/50000 (31%)], Loss: 2.482257, Top1:39.069, Top5:71.136
Train Epoch: 7 [16000/50000 (32%)], Loss: 2.393294, Top1:39.162, Top5:71.240
Train Epoch: 7 [16640/50000 (33%)], Loss: 2.192075, Top1:39.128, Top5:71.306
Train Epoch: 7 [17280/50000 (35%)], Loss: 2.457432, Top1:39.201, Top5:71.321
Train Epoch: 7 [17920/50000 (36%)], Loss: 2.054190, Top1:39.218, Top5:71.391
Train Epoch: 7 [18560/50000 (37%)], Loss: 2.305593, Top1:39.240, Top5:71.386
Train Epoch: 7 [19200/50000 (38%)], Loss: 2.457442, Top1:39.156, Top5:71.299
Train Epoch: 7 [19840/50000 (40%)], Loss: 2.066375, Top1:39.213, Top5:71.393
Train Epoch: 7 [20480/50000 (41%)], Loss: 2.165843, Top1:39.243, Top5:71.476
Train Epoch: 7 [21120/50000 (42%)], Loss: 2.102255, Top1:39.313, Top5:71.530
Train Epoch: 7 [21760/50000 (43%)], Loss: 2.203613, Top1:39.347, Top5:71.513
Train Epoch: 7 [22400/50000 (45%)], Loss: 2.338612, Top1:39.445, Top5:71.532
Train Epoch: 7 [23040/50000 (46%)], Loss: 2.093423, Top1:39.439, Top5:71.477
Train Epoch: 7 [23680/50000 (47%)], Loss: 2.274471, Top1:39.475, Top5:71.563
Train Epoch: 7 [24320/50000 (49%)], Loss: 2.287636, Top1:39.538, Top5:71.600
Train Epoch: 7 [24960/50000 (50%)], Loss: 2.000412, Top1:39.594, Top5:71.695
Train Epoch: 7 [25600/50000 (51%)], Loss: 2.257652, Top1:39.694, Top5:71.809
Train Epoch: 7 [26240/50000 (52%)], Loss: 1.747003, Top1:39.781, Top5:71.886
Train Epoch: 7 [26880/50000 (54%)], Loss: 2.391090, Top1:39.771, Top5:71.901
Train Epoch: 7 [27520/50000 (55%)], Loss: 2.012242, Top1:39.889, Top5:71.969
Train Epoch: 7 [28160/50000 (56%)], Loss: 1.759319, Top1:39.945, Top5:71.988
Train Epoch: 7 [28800/50000 (58%)], Loss: 2.262121, Top1:39.908, Top5:71.917
Train Epoch: 7 [29440/50000 (59%)], Loss: 1.884250, Top1:39.974, Top5:71.956
Train Epoch: 7 [30080/50000 (60%)], Loss: 2.177426, Top1:39.991, Top5:71.955
Train Epoch: 7 [30720/50000 (61%)], Loss: 1.779162, Top1:40.066, Top5:71.972
Train Epoch: 7 [31360/50000 (63%)], Loss: 2.073492, Top1:40.100, Top5:71.974
Train Epoch: 7 [32000/50000 (64%)], Loss: 2.035141, Top1:40.085, Top5:71.944
Train Epoch: 7 [32640/50000 (65%)], Loss: 2.151578, Top1:40.160, Top5:71.988
Train Epoch: 7 [33280/50000 (66%)], Loss: 1.987693, Top1:40.202, Top5:71.995
Train Epoch: 7 [33920/50000 (68%)], Loss: 2.218183, Top1:40.204, Top5:71.975
Train Epoch: 7 [34560/50000 (69%)], Loss: 2.029446, Top1:40.212, Top5:72.017
Train Epoch: 7 [35200/50000 (70%)], Loss: 2.276072, Top1:40.225, Top5:71.969
Train Epoch: 7 [35840/50000 (72%)], Loss: 2.200396, Top1:40.232, Top5:71.967
Train Epoch: 7 [36480/50000 (73%)], Loss: 2.582229, Top1:40.280, Top5:71.976
Train Epoch: 7 [37120/50000 (74%)], Loss: 2.374216, Top1:40.340, Top5:72.018
Train Epoch: 7 [37760/50000 (75%)], Loss: 2.219712, Top1:40.332, Top5:72.047
Train Epoch: 7 [38400/50000 (77%)], Loss: 2.951947, Top1:40.323, Top5:72.075
Train Epoch: 7 [39040/50000 (78%)], Loss: 2.303926, Top1:40.341, Top5:72.100
Train Epoch: 7 [39680/50000 (79%)], Loss: 2.389939, Top1:40.371, Top5:72.142
Train Epoch: 7 [40320/50000 (81%)], Loss: 2.580925, Top1:40.353, Top5:72.145
Train Epoch: 7 [40960/50000 (82%)], Loss: 2.051455, Top1:40.391, Top5:72.155
Train Epoch: 7 [41600/50000 (83%)], Loss: 2.163269, Top1:40.419, Top5:72.173
Train Epoch: 7 [42240/50000 (84%)], Loss: 2.297657, Top1:40.441, Top5:72.182
Train Epoch: 7 [42880/50000 (86%)], Loss: 2.010005, Top1:40.471, Top5:72.234
Train Epoch: 7 [43520/50000 (87%)], Loss: 2.309526, Top1:40.469, Top5:72.249
Train Epoch: 7 [44160/50000 (88%)], Loss: 1.878338, Top1:40.507, Top5:72.327
Train Epoch: 7 [44800/50000 (90%)], Loss: 2.485795, Top1:40.567, Top5:72.350
Train Epoch: 7 [45440/50000 (91%)], Loss: 2.190821, Top1:40.623, Top5:72.374
Train Epoch: 7 [46080/50000 (92%)], Loss: 1.875525, Top1:40.634, Top5:72.384
Train Epoch: 7 [46720/50000 (93%)], Loss: 2.386406, Top1:40.649, Top5:72.358
Train Epoch: 7 [47360/50000 (95%)], Loss: 2.121318, Top1:40.692, Top5:72.371
Train Epoch: 7 [48000/50000 (96%)], Loss: 2.308997, Top1:40.694, Top5:72.339
Train Epoch: 7 [48640/50000 (97%)], Loss: 2.347270, Top1:40.695, Top5:72.337
Train Epoch: 7 [49280/50000 (98%)], Loss: 2.237170, Top1:40.674, Top5:72.331
Train Epoch: 7 [49920/50000 (100%)], Loss: 2.186415, Top1:40.689, Top5:72.373
Training Time: 698.502392054

Test set: Average loss: 0.0392, Top1:37.600, Top5:68.660

Train Epoch: 8 [0/50000 (0%)], Loss: 1.689930, Top1:54.688, Top5:82.812
Train Epoch: 8 [640/50000 (1%)], Loss: 2.256447, Top1:45.597, Top5:75.426
Train Epoch: 8 [1280/50000 (3%)], Loss: 1.804013, Top1:44.792, Top5:75.298
Train Epoch: 8 [1920/50000 (4%)], Loss: 1.968378, Top1:45.766, Top5:76.411
Train Epoch: 8 [2560/50000 (5%)], Loss: 2.200578, Top1:45.427, Top5:76.677
Train Epoch: 8 [3200/50000 (6%)], Loss: 2.153678, Top1:45.588, Top5:77.145
Train Epoch: 8 [3840/50000 (8%)], Loss: 1.825114, Top1:44.903, Top5:76.947
Train Epoch: 8 [4480/50000 (9%)], Loss: 1.583685, Top1:44.828, Top5:77.135
Train Epoch: 8 [5120/50000 (10%)], Loss: 1.870677, Top1:44.946, Top5:76.890
Train Epoch: 8 [5760/50000 (12%)], Loss: 2.156816, Top1:45.175, Top5:76.717
Train Epoch: 8 [6400/50000 (13%)], Loss: 1.897642, Top1:45.699, Top5:76.872
Train Epoch: 8 [7040/50000 (14%)], Loss: 2.296061, Top1:45.312, Top5:76.760
Train Epoch: 8 [7680/50000 (15%)], Loss: 2.271674, Top1:45.287, Top5:76.717
Train Epoch: 8 [8320/50000 (17%)], Loss: 2.235840, Top1:45.468, Top5:76.753
Train Epoch: 8 [8960/50000 (18%)], Loss: 1.996335, Top1:45.346, Top5:76.585
Train Epoch: 8 [9600/50000 (19%)], Loss: 2.288143, Top1:45.261, Top5:76.562
Train Epoch: 8 [10240/50000 (20%)], Loss: 1.926131, Top1:45.167, Top5:76.533
Train Epoch: 8 [10880/50000 (22%)], Loss: 2.361212, Top1:44.846, Top5:76.261
Train Epoch: 8 [11520/50000 (23%)], Loss: 2.311862, Top1:44.561, Top5:76.036
Train Epoch: 8 [12160/50000 (24%)], Loss: 2.434828, Top1:44.159, Top5:75.884
Train Epoch: 8 [12800/50000 (26%)], Loss: 1.907428, Top1:44.108, Top5:75.762
Train Epoch: 8 [13440/50000 (27%)], Loss: 1.873275, Top1:44.083, Top5:75.822
Train Epoch: 8 [14080/50000 (28%)], Loss: 1.776434, Top1:43.983, Top5:75.771
Train Epoch: 8 [14720/50000 (29%)], Loss: 2.140146, Top1:43.838, Top5:75.758
Train Epoch: 8 [15360/50000 (31%)], Loss: 2.017778, Top1:43.815, Top5:75.681
Train Epoch: 8 [16000/50000 (32%)], Loss: 2.217065, Top1:43.719, Top5:75.610
Train Epoch: 8 [16640/50000 (33%)], Loss: 2.205039, Top1:43.666, Top5:75.491
Train Epoch: 8 [17280/50000 (35%)], Loss: 2.274839, Top1:43.623, Top5:75.467
Train Epoch: 8 [17920/50000 (36%)], Loss: 2.007259, Top1:43.655, Top5:75.445
Train Epoch: 8 [18560/50000 (37%)], Loss: 2.246720, Top1:43.659, Top5:75.462
Train Epoch: 8 [19200/50000 (38%)], Loss: 2.126094, Top1:43.667, Top5:75.400
Train Epoch: 8 [19840/50000 (40%)], Loss: 2.072812, Top1:43.725, Top5:75.477
Train Epoch: 8 [20480/50000 (41%)], Loss: 2.180748, Top1:43.721, Top5:75.428
Train Epoch: 8 [21120/50000 (42%)], Loss: 2.142569, Top1:43.764, Top5:75.434
Train Epoch: 8 [21760/50000 (43%)], Loss: 2.047752, Top1:43.810, Top5:75.399
Train Epoch: 8 [22400/50000 (45%)], Loss: 2.780057, Top1:43.879, Top5:75.378
Train Epoch: 8 [23040/50000 (46%)], Loss: 2.316302, Top1:43.819, Top5:75.355
Train Epoch: 8 [23680/50000 (47%)], Loss: 2.250819, Top1:43.742, Top5:75.320
Train Epoch: 8 [24320/50000 (49%)], Loss: 2.562691, Top1:43.766, Top5:75.250
Train Epoch: 8 [24960/50000 (50%)], Loss: 2.169929, Top1:43.734, Top5:75.284
Train Epoch: 8 [25600/50000 (51%)], Loss: 2.164304, Top1:43.723, Top5:75.257
Train Epoch: 8 [26240/50000 (52%)], Loss: 1.940309, Top1:43.716, Top5:75.259
Train Epoch: 8 [26880/50000 (54%)], Loss: 1.765210, Top1:43.806, Top5:75.304
Train Epoch: 8 [27520/50000 (55%)], Loss: 1.924733, Top1:43.826, Top5:75.341
Train Epoch: 8 [28160/50000 (56%)], Loss: 1.728246, Top1:43.927, Top5:75.407
Train Epoch: 8 [28800/50000 (58%)], Loss: 2.136452, Top1:43.920, Top5:75.402
Train Epoch: 8 [29440/50000 (59%)], Loss: 2.246227, Top1:43.855, Top5:75.369
Train Epoch: 8 [30080/50000 (60%)], Loss: 2.039895, Top1:43.866, Top5:75.365
Train Epoch: 8 [30720/50000 (61%)], Loss: 2.130250, Top1:43.883, Top5:75.403
Train Epoch: 8 [31360/50000 (63%)], Loss: 2.081678, Top1:43.884, Top5:75.411
Train Epoch: 8 [32000/50000 (64%)], Loss: 2.355524, Top1:43.893, Top5:75.421
Train Epoch: 8 [32640/50000 (65%)], Loss: 2.172183, Top1:43.891, Top5:75.422
Train Epoch: 8 [33280/50000 (66%)], Loss: 2.267232, Top1:43.921, Top5:75.414
Train Epoch: 8 [33920/50000 (68%)], Loss: 2.297174, Top1:43.900, Top5:75.385
Train Epoch: 8 [34560/50000 (69%)], Loss: 1.676708, Top1:43.900, Top5:75.370
Train Epoch: 8 [35200/50000 (70%)], Loss: 2.138268, Top1:43.931, Top5:75.366
Train Epoch: 8 [35840/50000 (72%)], Loss: 2.124022, Top1:43.959, Top5:75.362
Train Epoch: 8 [36480/50000 (73%)], Loss: 2.154677, Top1:43.980, Top5:75.337
Train Epoch: 8 [37120/50000 (74%)], Loss: 1.965421, Top1:43.949, Top5:75.285
Train Epoch: 8 [37760/50000 (75%)], Loss: 2.050213, Top1:43.932, Top5:75.264
Train Epoch: 8 [38400/50000 (77%)], Loss: 2.296706, Top1:43.948, Top5:75.255
Train Epoch: 8 [39040/50000 (78%)], Loss: 2.056370, Top1:43.914, Top5:75.292
Train Epoch: 8 [39680/50000 (79%)], Loss: 1.871474, Top1:43.936, Top5:75.352
Train Epoch: 8 [40320/50000 (81%)], Loss: 2.165989, Top1:43.978, Top5:75.362
Train Epoch: 8 [40960/50000 (82%)], Loss: 1.934067, Top1:43.986, Top5:75.378
Train Epoch: 8 [41600/50000 (83%)], Loss: 2.045427, Top1:43.997, Top5:75.367
Train Epoch: 8 [42240/50000 (84%)], Loss: 2.256447, Top1:43.979, Top5:75.355
Train Epoch: 8 [42880/50000 (86%)], Loss: 2.212392, Top1:43.969, Top5:75.333
Train Epoch: 8 [43520/50000 (87%)], Loss: 2.527963, Top1:43.906, Top5:75.303
Train Epoch: 8 [44160/50000 (88%)], Loss: 2.634640, Top1:43.917, Top5:75.292
Train Epoch: 8 [44800/50000 (90%)], Loss: 1.810164, Top1:43.935, Top5:75.288
Train Epoch: 8 [45440/50000 (91%)], Loss: 2.373711, Top1:43.891, Top5:75.277
Train Epoch: 8 [46080/50000 (92%)], Loss: 2.181687, Top1:43.854, Top5:75.290
Train Epoch: 8 [46720/50000 (93%)], Loss: 1.895931, Top1:43.904, Top5:75.361
Train Epoch: 8 [47360/50000 (95%)], Loss: 1.935554, Top1:43.902, Top5:75.401
Train Epoch: 8 [48000/50000 (96%)], Loss: 2.061550, Top1:43.898, Top5:75.387
Train Epoch: 8 [48640/50000 (97%)], Loss: 1.975423, Top1:43.894, Top5:75.374
Train Epoch: 8 [49280/50000 (98%)], Loss: 2.049111, Top1:43.906, Top5:75.424
Train Epoch: 8 [49920/50000 (100%)], Loss: 2.290261, Top1:43.924, Top5:75.430
Training Time: 798.924528122

Test set: Average loss: 0.0366, Top1:41.600, Top5:72.010

Train Epoch: 9 [0/50000 (0%)], Loss: 1.683751, Top1:48.438, Top5:85.938
Train Epoch: 9 [640/50000 (1%)], Loss: 1.866894, Top1:47.301, Top5:82.102
Train Epoch: 9 [1280/50000 (3%)], Loss: 2.085506, Top1:48.586, Top5:81.771
Train Epoch: 9 [1920/50000 (4%)], Loss: 1.908998, Top1:47.379, Top5:80.847
Train Epoch: 9 [2560/50000 (5%)], Loss: 1.589488, Top1:47.256, Top5:80.297
Train Epoch: 9 [3200/50000 (6%)], Loss: 1.793231, Top1:47.672, Top5:80.270
Train Epoch: 9 [3840/50000 (8%)], Loss: 2.132389, Top1:48.079, Top5:80.328
Train Epoch: 9 [4480/50000 (9%)], Loss: 1.784823, Top1:47.755, Top5:79.864
Train Epoch: 9 [5120/50000 (10%)], Loss: 1.839393, Top1:47.840, Top5:79.765
Train Epoch: 9 [5760/50000 (12%)], Loss: 2.043484, Top1:47.922, Top5:79.859
Train Epoch: 9 [6400/50000 (13%)], Loss: 1.957526, Top1:47.881, Top5:79.765
Train Epoch: 9 [7040/50000 (14%)], Loss: 1.822310, Top1:47.635, Top5:79.519
Train Epoch: 9 [7680/50000 (15%)], Loss: 2.089943, Top1:47.508, Top5:79.468
Train Epoch: 9 [8320/50000 (17%)], Loss: 1.820170, Top1:47.316, Top5:79.222
Train Epoch: 9 [8960/50000 (18%)], Loss: 1.724440, Top1:47.274, Top5:79.244
Train Epoch: 9 [9600/50000 (19%)], Loss: 2.109316, Top1:47.103, Top5:79.180
Train Epoch: 9 [10240/50000 (20%)], Loss: 1.854398, Top1:47.108, Top5:79.037
Train Epoch: 9 [10880/50000 (22%)], Loss: 1.950494, Top1:46.957, Top5:78.938
Train Epoch: 9 [11520/50000 (23%)], Loss: 1.711898, Top1:46.797, Top5:78.790
Train Epoch: 9 [12160/50000 (24%)], Loss: 1.805087, Top1:46.883, Top5:78.902
Train Epoch: 9 [12800/50000 (26%)], Loss: 2.323442, Top1:46.953, Top5:78.863
Train Epoch: 9 [13440/50000 (27%)], Loss: 1.826204, Top1:46.853, Top5:78.836
Train Epoch: 9 [14080/50000 (28%)], Loss: 1.958410, Top1:46.663, Top5:78.634
Train Epoch: 9 [14720/50000 (29%)], Loss: 1.978568, Top1:46.604, Top5:78.538
Train Epoch: 9 [15360/50000 (31%)], Loss: 1.599802, Top1:46.674, Top5:78.605
Train Epoch: 9 [16000/50000 (32%)], Loss: 1.690700, Top1:46.614, Top5:78.548
Train Epoch: 9 [16640/50000 (33%)], Loss: 2.318062, Top1:46.540, Top5:78.436
Train Epoch: 9 [17280/50000 (35%)], Loss: 1.807837, Top1:46.592, Top5:78.517
Train Epoch: 9 [17920/50000 (36%)], Loss: 1.650945, Top1:46.564, Top5:78.470
Train Epoch: 9 [18560/50000 (37%)], Loss: 2.261454, Top1:46.601, Top5:78.555
Train Epoch: 9 [19200/50000 (38%)], Loss: 1.528336, Top1:46.527, Top5:78.494
Train Epoch: 9 [19840/50000 (40%)], Loss: 1.933022, Top1:46.453, Top5:78.386
Train Epoch: 9 [20480/50000 (41%)], Loss: 2.216233, Top1:46.456, Top5:78.446
Train Epoch: 9 [21120/50000 (42%)], Loss: 1.963763, Top1:46.521, Top5:78.446
Train Epoch: 9 [21760/50000 (43%)], Loss: 2.101654, Top1:46.476, Top5:78.414
Train Epoch: 9 [22400/50000 (45%)], Loss: 1.899685, Top1:46.470, Top5:78.414
Train Epoch: 9 [23040/50000 (46%)], Loss: 1.965020, Top1:46.438, Top5:78.363
Train Epoch: 9 [23680/50000 (47%)], Loss: 2.300521, Top1:46.403, Top5:78.399
Train Epoch: 9 [24320/50000 (49%)], Loss: 1.692287, Top1:46.461, Top5:78.445
Train Epoch: 9 [24960/50000 (50%)], Loss: 2.265598, Top1:46.467, Top5:78.433
Train Epoch: 9 [25600/50000 (51%)], Loss: 2.118240, Top1:46.520, Top5:78.511
Train Epoch: 9 [26240/50000 (52%)], Loss: 2.102222, Top1:46.453, Top5:78.501
Train Epoch: 9 [26880/50000 (54%)], Loss: 2.037985, Top1:46.515, Top5:78.474
Train Epoch: 9 [27520/50000 (55%)], Loss: 2.165324, Top1:46.589, Top5:78.488
Train Epoch: 9 [28160/50000 (56%)], Loss: 2.437207, Top1:46.528, Top5:78.451
Train Epoch: 9 [28800/50000 (58%)], Loss: 1.943402, Top1:46.504, Top5:78.437
Train Epoch: 9 [29440/50000 (59%)], Loss: 2.013355, Top1:46.526, Top5:78.440
Train Epoch: 9 [30080/50000 (60%)], Loss: 2.140130, Top1:46.527, Top5:78.420
Train Epoch: 9 [30720/50000 (61%)], Loss: 2.623650, Top1:46.550, Top5:78.395
Train Epoch: 9 [31360/50000 (63%)], Loss: 2.006061, Top1:46.525, Top5:78.376
Train Epoch: 9 [32000/50000 (64%)], Loss: 1.753302, Top1:46.576, Top5:78.418
Train Epoch: 9 [32640/50000 (65%)], Loss: 1.799135, Top1:46.618, Top5:78.474
Train Epoch: 9 [33280/50000 (66%)], Loss: 1.702748, Top1:46.548, Top5:78.368
Train Epoch: 9 [33920/50000 (68%)], Loss: 2.013353, Top1:46.551, Top5:78.372
Train Epoch: 9 [34560/50000 (69%)], Loss: 1.800975, Top1:46.560, Top5:78.437
Train Epoch: 9 [35200/50000 (70%)], Loss: 2.189094, Top1:46.546, Top5:78.380
Train Epoch: 9 [35840/50000 (72%)], Loss: 1.670439, Top1:46.571, Top5:78.384
Train Epoch: 9 [36480/50000 (73%)], Loss: 2.063526, Top1:46.541, Top5:78.355
Train Epoch: 9 [37120/50000 (74%)], Loss: 1.987643, Top1:46.517, Top5:78.343
Train Epoch: 9 [37760/50000 (75%)], Loss: 2.351801, Top1:46.489, Top5:78.331
Train Epoch: 9 [38400/50000 (77%)], Loss: 1.856967, Top1:46.495, Top5:78.315
Train Epoch: 9 [39040/50000 (78%)], Loss: 2.002797, Top1:46.486, Top5:78.307
Train Epoch: 9 [39680/50000 (79%)], Loss: 2.155398, Top1:46.435, Top5:78.271
Train Epoch: 9 [40320/50000 (81%)], Loss: 2.344844, Top1:46.434, Top5:78.236
Train Epoch: 9 [40960/50000 (82%)], Loss: 1.547243, Top1:46.383, Top5:78.186
Train Epoch: 9 [41600/50000 (83%)], Loss: 1.891806, Top1:46.357, Top5:78.127
Train Epoch: 9 [42240/50000 (84%)], Loss: 1.897986, Top1:46.317, Top5:78.071
Train Epoch: 9 [42880/50000 (86%)], Loss: 1.839269, Top1:46.323, Top5:78.043
Train Epoch: 9 [43520/50000 (87%)], Loss: 2.011693, Top1:46.306, Top5:78.029
Train Epoch: 9 [44160/50000 (88%)], Loss: 2.097729, Top1:46.278, Top5:78.010
Train Epoch: 9 [44800/50000 (90%)], Loss: 2.140975, Top1:46.287, Top5:78.029
Train Epoch: 9 [45440/50000 (91%)], Loss: 1.795453, Top1:46.209, Top5:77.995
Train Epoch: 9 [46080/50000 (92%)], Loss: 2.021898, Top1:46.175, Top5:77.980
Train Epoch: 9 [46720/50000 (93%)], Loss: 2.175816, Top1:46.161, Top5:77.941
Train Epoch: 9 [47360/50000 (95%)], Loss: 1.648654, Top1:46.164, Top5:77.944
Train Epoch: 9 [48000/50000 (96%)], Loss: 1.958263, Top1:46.122, Top5:77.921
Train Epoch: 9 [48640/50000 (97%)], Loss: 1.635264, Top1:46.119, Top5:77.955
Train Epoch: 9 [49280/50000 (98%)], Loss: 2.077144, Top1:46.131, Top5:77.939
Train Epoch: 9 [49920/50000 (100%)], Loss: 2.052673, Top1:46.143, Top5:77.929
Training Time: 906.836523056

Test set: Average loss: 0.0371, Top1:40.900, Top5:71.630

Train Epoch: 10 [0/50000 (0%)], Loss: 1.927156, Top1:32.812, Top5:85.938
Train Epoch: 10 [640/50000 (1%)], Loss: 1.788039, Top1:46.449, Top5:79.119
Train Epoch: 10 [1280/50000 (3%)], Loss: 1.817766, Top1:47.991, Top5:79.539
Train Epoch: 10 [1920/50000 (4%)], Loss: 1.467307, Top1:48.639, Top5:80.796
Train Epoch: 10 [2560/50000 (5%)], Loss: 2.146742, Top1:48.933, Top5:79.992
Train Epoch: 10 [3200/50000 (6%)], Loss: 1.550815, Top1:48.897, Top5:80.055
Train Epoch: 10 [3840/50000 (8%)], Loss: 2.104632, Top1:49.052, Top5:80.123
Train Epoch: 10 [4480/50000 (9%)], Loss: 1.701590, Top1:49.494, Top5:80.304
Train Epoch: 10 [5120/50000 (10%)], Loss: 1.754475, Top1:49.498, Top5:80.305
Train Epoch: 10 [5760/50000 (12%)], Loss: 1.642627, Top1:49.708, Top5:80.460
Train Epoch: 10 [6400/50000 (13%)], Loss: 1.887802, Top1:49.350, Top5:80.461
Train Epoch: 10 [7040/50000 (14%)], Loss: 1.643830, Top1:49.592, Top5:80.673
Train Epoch: 10 [7680/50000 (15%)], Loss: 2.131903, Top1:49.354, Top5:80.475
Train Epoch: 10 [8320/50000 (17%)], Loss: 2.182044, Top1:49.416, Top5:80.248
Train Epoch: 10 [8960/50000 (18%)], Loss: 1.990986, Top1:49.379, Top5:80.208
Train Epoch: 10 [9600/50000 (19%)], Loss: 2.369611, Top1:49.131, Top5:80.091
Train Epoch: 10 [10240/50000 (20%)], Loss: 2.160216, Top1:49.185, Top5:80.066
Train Epoch: 10 [10880/50000 (22%)], Loss: 1.870402, Top1:49.178, Top5:80.080
Train Epoch: 10 [11520/50000 (23%)], Loss: 2.045832, Top1:49.163, Top5:80.076
Train Epoch: 10 [12160/50000 (24%)], Loss: 1.948774, Top1:49.076, Top5:79.982
Train Epoch: 10 [12800/50000 (26%)], Loss: 1.701201, Top1:48.919, Top5:79.944
Train Epoch: 10 [13440/50000 (27%)], Loss: 1.773223, Top1:49.030, Top5:79.887
Train Epoch: 10 [14080/50000 (28%)], Loss: 1.874487, Top1:49.031, Top5:79.907
Train Epoch: 10 [14720/50000 (29%)], Loss: 2.113525, Top1:48.904, Top5:79.802
Train Epoch: 10 [15360/50000 (31%)], Loss: 1.933859, Top1:49.002, Top5:79.824
Train Epoch: 10 [16000/50000 (32%)], Loss: 1.842485, Top1:48.948, Top5:79.862
Train Epoch: 10 [16640/50000 (33%)], Loss: 1.896180, Top1:48.922, Top5:79.819
Train Epoch: 10 [17280/50000 (35%)], Loss: 1.849407, Top1:48.853, Top5:79.762
Train Epoch: 10 [17920/50000 (36%)], Loss: 2.085844, Top1:48.843, Top5:79.715
Train Epoch: 10 [18560/50000 (37%)], Loss: 2.020965, Top1:48.813, Top5:79.752
Train Epoch: 10 [19200/50000 (38%)], Loss: 1.946583, Top1:48.780, Top5:79.791
Train Epoch: 10 [19840/50000 (40%)], Loss: 1.922201, Top1:48.824, Top5:79.793
Train Epoch: 10 [20480/50000 (41%)], Loss: 1.819693, Top1:48.871, Top5:79.834
Train Epoch: 10 [21120/50000 (42%)], Loss: 1.898456, Top1:48.910, Top5:79.815
Train Epoch: 10 [21760/50000 (43%)], Loss: 1.631949, Top1:48.827, Top5:79.765
Train Epoch: 10 [22400/50000 (45%)], Loss: 1.934734, Top1:48.816, Top5:79.763
Train Epoch: 10 [23040/50000 (46%)], Loss: 1.794525, Top1:48.840, Top5:79.757
Train Epoch: 10 [23680/50000 (47%)], Loss: 1.990568, Top1:48.817, Top5:79.759
Train Epoch: 10 [24320/50000 (49%)], Loss: 1.728091, Top1:48.852, Top5:79.761
Train Epoch: 10 [24960/50000 (50%)], Loss: 1.759603, Top1:48.793, Top5:79.787
Train Epoch: 10 [25600/50000 (51%)], Loss: 2.124263, Top1:48.792, Top5:79.812
Train Epoch: 10 [26240/50000 (52%)], Loss: 1.552252, Top1:48.814, Top5:79.832
Train Epoch: 10 [26880/50000 (54%)], Loss: 1.903800, Top1:48.753, Top5:79.825
Train Epoch: 10 [27520/50000 (55%)], Loss: 1.782399, Top1:48.767, Top5:79.829
Train Epoch: 10 [28160/50000 (56%)], Loss: 2.245458, Top1:48.732, Top5:79.833
Train Epoch: 10 [28800/50000 (58%)], Loss: 1.635107, Top1:48.808, Top5:79.812
Train Epoch: 10 [29440/50000 (59%)], Loss: 1.646195, Top1:48.841, Top5:79.847
Train Epoch: 10 [30080/50000 (60%)], Loss: 1.933361, Top1:48.802, Top5:79.794
Train Epoch: 10 [30720/50000 (61%)], Loss: 2.278110, Top1:48.769, Top5:79.798
Train Epoch: 10 [31360/50000 (63%)], Loss: 2.089716, Top1:48.753, Top5:79.745
Train Epoch: 10 [32000/50000 (64%)], Loss: 2.130229, Top1:48.665, Top5:79.728
Train Epoch: 10 [32640/50000 (65%)], Loss: 1.772721, Top1:48.676, Top5:79.700
Train Epoch: 10 [33280/50000 (66%)], Loss: 1.623830, Top1:48.722, Top5:79.693
Train Epoch: 10 [33920/50000 (68%)], Loss: 1.894269, Top1:48.688, Top5:79.670
Train Epoch: 10 [34560/50000 (69%)], Loss: 1.570360, Top1:48.732, Top5:79.722
Train Epoch: 10 [35200/50000 (70%)], Loss: 1.676679, Top1:48.704, Top5:79.710
Train Epoch: 10 [35840/50000 (72%)], Loss: 1.914214, Top1:48.708, Top5:79.674
Train Epoch: 10 [36480/50000 (73%)], Loss: 1.766115, Top1:48.706, Top5:79.638
Train Epoch: 10 [37120/50000 (74%)], Loss: 2.098360, Top1:48.744, Top5:79.669
Train Epoch: 10 [37760/50000 (75%)], Loss: 1.833021, Top1:48.757, Top5:79.674
Train Epoch: 10 [38400/50000 (77%)], Loss: 2.015065, Top1:48.801, Top5:79.711
Train Epoch: 10 [39040/50000 (78%)], Loss: 1.745876, Top1:48.826, Top5:79.731
Train Epoch: 10 [39680/50000 (79%)], Loss: 2.012911, Top1:48.835, Top5:79.745
Train Epoch: 10 [40320/50000 (81%)], Loss: 1.511563, Top1:48.861, Top5:79.779
Train Epoch: 10 [40960/50000 (82%)], Loss: 1.974328, Top1:48.871, Top5:79.778
Train Epoch: 10 [41600/50000 (83%)], Loss: 1.946738, Top1:48.874, Top5:79.738
Train Epoch: 10 [42240/50000 (84%)], Loss: 2.207822, Top1:48.844, Top5:79.718
Train Epoch: 10 [42880/50000 (86%)], Loss: 1.959766, Top1:48.845, Top5:79.713
Train Epoch: 10 [43520/50000 (87%)], Loss: 1.941914, Top1:48.857, Top5:79.749
Train Epoch: 10 [44160/50000 (88%)], Loss: 2.064479, Top1:48.908, Top5:79.742
Train Epoch: 10 [44800/50000 (90%)], Loss: 1.892985, Top1:48.886, Top5:79.728
Train Epoch: 10 [45440/50000 (91%)], Loss: 1.880738, Top1:48.899, Top5:79.731
Train Epoch: 10 [46080/50000 (92%)], Loss: 2.165438, Top1:48.877, Top5:79.701
Train Epoch: 10 [46720/50000 (93%)], Loss: 1.777600, Top1:48.852, Top5:79.715
Train Epoch: 10 [47360/50000 (95%)], Loss: 2.033362, Top1:48.853, Top5:79.723
Train Epoch: 10 [48000/50000 (96%)], Loss: 2.039263, Top1:48.804, Top5:79.694
Train Epoch: 10 [48640/50000 (97%)], Loss: 2.132802, Top1:48.787, Top5:79.718
Train Epoch: 10 [49280/50000 (98%)], Loss: 1.910957, Top1:48.780, Top5:79.732
Train Epoch: 10 [49920/50000 (100%)], Loss: 1.801331, Top1:48.782, Top5:79.730
Training Time: 1013.64675999

Test set: Average loss: 0.0383, Top1:41.840, Top5:72.230

Train Epoch: 11 [0/50000 (0%)], Loss: 1.536643, Top1:62.500, Top5:87.500
Train Epoch: 11 [640/50000 (1%)], Loss: 1.577474, Top1:51.420, Top5:82.812
Train Epoch: 11 [1280/50000 (3%)], Loss: 1.761134, Top1:50.595, Top5:82.217
Train Epoch: 11 [1920/50000 (4%)], Loss: 1.777969, Top1:50.605, Top5:81.653
Train Epoch: 11 [2560/50000 (5%)], Loss: 1.742931, Top1:51.258, Top5:81.631
Train Epoch: 11 [3200/50000 (6%)], Loss: 1.854085, Top1:51.134, Top5:81.893
Train Epoch: 11 [3840/50000 (8%)], Loss: 1.668686, Top1:51.332, Top5:82.095
Train Epoch: 11 [4480/50000 (9%)], Loss: 1.745423, Top1:51.100, Top5:82.042
Train Epoch: 11 [5120/50000 (10%)], Loss: 1.535063, Top1:51.292, Top5:82.215
Train Epoch: 11 [5760/50000 (12%)], Loss: 1.638990, Top1:51.356, Top5:82.503
Train Epoch: 11 [6400/50000 (13%)], Loss: 1.335046, Top1:51.717, Top5:82.534
Train Epoch: 11 [7040/50000 (14%)], Loss: 1.945859, Top1:51.492, Top5:82.531
Train Epoch: 11 [7680/50000 (15%)], Loss: 1.688649, Top1:51.653, Top5:82.567
Train Epoch: 11 [8320/50000 (17%)], Loss: 1.635996, Top1:51.789, Top5:82.514
Train Epoch: 11 [8960/50000 (18%)], Loss: 1.456937, Top1:52.050, Top5:82.535
Train Epoch: 11 [9600/50000 (19%)], Loss: 1.588915, Top1:52.059, Top5:82.575
Train Epoch: 11 [10240/50000 (20%)], Loss: 1.868134, Top1:51.990, Top5:82.589
Train Epoch: 11 [10880/50000 (22%)], Loss: 1.991545, Top1:51.974, Top5:82.474
Train Epoch: 11 [11520/50000 (23%)], Loss: 1.558873, Top1:52.029, Top5:82.502
Train Epoch: 11 [12160/50000 (24%)], Loss: 1.452849, Top1:52.201, Top5:82.567
Train Epoch: 11 [12800/50000 (26%)], Loss: 1.511949, Top1:52.301, Top5:82.502
Train Epoch: 11 [13440/50000 (27%)], Loss: 2.199087, Top1:52.103, Top5:82.420
Train Epoch: 11 [14080/50000 (28%)], Loss: 1.972406, Top1:51.647, Top5:82.084
Train Epoch: 11 [14720/50000 (29%)], Loss: 1.652683, Top1:51.427, Top5:81.879
Train Epoch: 11 [15360/50000 (31%)], Loss: 2.048966, Top1:51.245, Top5:81.801
Train Epoch: 11 [16000/50000 (32%)], Loss: 2.010638, Top1:51.139, Top5:81.667
Train Epoch: 11 [16640/50000 (33%)], Loss: 1.741263, Top1:50.994, Top5:81.555
Train Epoch: 11 [17280/50000 (35%)], Loss: 1.512510, Top1:51.021, Top5:81.561
Train Epoch: 11 [17920/50000 (36%)], Loss: 2.032014, Top1:50.845, Top5:81.456
Train Epoch: 11 [18560/50000 (37%)], Loss: 1.987154, Top1:50.843, Top5:81.368
Train Epoch: 11 [19200/50000 (38%)], Loss: 2.192967, Top1:50.779, Top5:81.292
Train Epoch: 11 [19840/50000 (40%)], Loss: 1.905687, Top1:50.824, Top5:81.310
Train Epoch: 11 [20480/50000 (41%)], Loss: 2.268048, Top1:50.735, Top5:81.284
Train Epoch: 11 [21120/50000 (42%)], Loss: 1.576250, Top1:50.718, Top5:81.236
Train Epoch: 11 [21760/50000 (43%)], Loss: 1.826680, Top1:50.641, Top5:81.177
Train Epoch: 11 [22400/50000 (45%)], Loss: 1.641989, Top1:50.588, Top5:81.197
Train Epoch: 11 [23040/50000 (46%)], Loss: 1.832249, Top1:50.632, Top5:81.272
Train Epoch: 11 [23680/50000 (47%)], Loss: 1.440667, Top1:50.661, Top5:81.292
Train Epoch: 11 [24320/50000 (49%)], Loss: 1.833200, Top1:50.599, Top5:81.242
Train Epoch: 11 [24960/50000 (50%)], Loss: 1.659309, Top1:50.551, Top5:81.266
Train Epoch: 11 [25600/50000 (51%)], Loss: 1.771546, Top1:50.557, Top5:81.227
Train Epoch: 11 [26240/50000 (52%)], Loss: 1.842348, Top1:50.612, Top5:81.227
Train Epoch: 11 [26880/50000 (54%)], Loss: 1.916807, Top1:50.661, Top5:81.235
Train Epoch: 11 [27520/50000 (55%)], Loss: 1.845007, Top1:50.591, Top5:81.235
Train Epoch: 11 [28160/50000 (56%)], Loss: 2.251803, Top1:50.535, Top5:81.158
Train Epoch: 11 [28800/50000 (58%)], Loss: 1.737809, Top1:50.534, Top5:81.094
Train Epoch: 11 [29440/50000 (59%)], Loss: 1.920590, Top1:50.583, Top5:81.057
Train Epoch: 11 [30080/50000 (60%)], Loss: 1.916919, Top1:50.508, Top5:81.001
Train Epoch: 11 [30720/50000 (61%)], Loss: 1.621024, Top1:50.491, Top5:80.971
Train Epoch: 11 [31360/50000 (63%)], Loss: 1.772878, Top1:50.468, Top5:80.964
Train Epoch: 11 [32000/50000 (64%)], Loss: 2.020447, Top1:50.458, Top5:80.938
Train Epoch: 11 [32640/50000 (65%)], Loss: 1.744117, Top1:50.382, Top5:80.895
Train Epoch: 11 [33280/50000 (66%)], Loss: 1.668924, Top1:50.381, Top5:80.956
Train Epoch: 11 [33920/50000 (68%)], Loss: 2.124967, Top1:50.397, Top5:80.950
Train Epoch: 11 [34560/50000 (69%)], Loss: 1.544832, Top1:50.390, Top5:80.961
Train Epoch: 11 [35200/50000 (70%)], Loss: 1.610304, Top1:50.357, Top5:80.941
Train Epoch: 11 [35840/50000 (72%)], Loss: 1.426584, Top1:50.365, Top5:80.963
Train Epoch: 11 [36480/50000 (73%)], Loss: 1.960385, Top1:50.394, Top5:80.965
Train Epoch: 11 [37120/50000 (74%)], Loss: 2.000577, Top1:50.374, Top5:80.989
Train Epoch: 11 [37760/50000 (75%)], Loss: 1.610128, Top1:50.323, Top5:80.962
Train Epoch: 11 [38400/50000 (77%)], Loss: 1.767750, Top1:50.291, Top5:80.964
Train Epoch: 11 [39040/50000 (78%)], Loss: 1.376267, Top1:50.297, Top5:80.956
Train Epoch: 11 [39680/50000 (79%)], Loss: 1.741733, Top1:50.340, Top5:80.953
Train Epoch: 11 [40320/50000 (81%)], Loss: 1.845772, Top1:50.339, Top5:80.970
Train Epoch: 11 [40960/50000 (82%)], Loss: 1.974773, Top1:50.341, Top5:80.992
Train Epoch: 11 [41600/50000 (83%)], Loss: 1.995650, Top1:50.307, Top5:80.967
Train Epoch: 11 [42240/50000 (84%)], Loss: 1.526381, Top1:50.307, Top5:80.981
Train Epoch: 11 [42880/50000 (86%)], Loss: 1.657515, Top1:50.307, Top5:81.005
Train Epoch: 11 [43520/50000 (87%)], Loss: 2.180159, Top1:50.241, Top5:80.975
Train Epoch: 11 [44160/50000 (88%)], Loss: 2.113320, Top1:50.222, Top5:80.988
Train Epoch: 11 [44800/50000 (90%)], Loss: 2.347802, Top1:50.145, Top5:80.956
Train Epoch: 11 [45440/50000 (91%)], Loss: 2.510303, Top1:49.895, Top5:80.670
Train Epoch: 11 [46080/50000 (92%)], Loss: 2.511093, Top1:49.675, Top5:80.463
Train Epoch: 11 [46720/50000 (93%)], Loss: 2.169079, Top1:49.481, Top5:80.303
Train Epoch: 11 [47360/50000 (95%)], Loss: 2.218867, Top1:49.357, Top5:80.234
Train Epoch: 11 [48000/50000 (96%)], Loss: 2.334922, Top1:49.257, Top5:80.151
Train Epoch: 11 [48640/50000 (97%)], Loss: 2.113172, Top1:49.168, Top5:80.059
Train Epoch: 11 [49280/50000 (98%)], Loss: 1.876017, Top1:49.100, Top5:79.977
Train Epoch: 11 [49920/50000 (100%)], Loss: 1.746447, Top1:49.022, Top5:79.908
Training Time: 1115.36037302

Test set: Average loss: 0.0438, Top1:35.860, Top5:64.980

Train Epoch: 12 [0/50000 (0%)], Loss: 1.413570, Top1:64.062, Top5:84.375
Train Epoch: 12 [640/50000 (1%)], Loss: 2.008097, Top1:41.051, Top5:71.733
Train Epoch: 12 [1280/50000 (3%)], Loss: 2.406239, Top1:40.551, Top5:70.461
Train Epoch: 12 [1920/50000 (4%)], Loss: 1.992085, Top1:41.331, Top5:72.228
Train Epoch: 12 [2560/50000 (5%)], Loss: 2.095984, Top1:42.912, Top5:73.742
Train Epoch: 12 [3200/50000 (6%)], Loss: 1.685322, Top1:43.658, Top5:74.755
Train Epoch: 12 [3840/50000 (8%)], Loss: 2.083819, Top1:44.032, Top5:74.667
Train Epoch: 12 [4480/50000 (9%)], Loss: 2.036049, Top1:44.300, Top5:75.066
Train Epoch: 12 [5120/50000 (10%)], Loss: 1.713522, Top1:44.522, Top5:75.733
Train Epoch: 12 [5760/50000 (12%)], Loss: 1.866908, Top1:44.797, Top5:76.219
Train Epoch: 12 [6400/50000 (13%)], Loss: 1.599534, Top1:45.297, Top5:76.702
Train Epoch: 12 [7040/50000 (14%)], Loss: 1.911272, Top1:45.538, Top5:77.041
Train Epoch: 12 [7680/50000 (15%)], Loss: 1.564438, Top1:46.139, Top5:77.441
Train Epoch: 12 [8320/50000 (17%)], Loss: 1.594727, Top1:46.410, Top5:77.648
Train Epoch: 12 [8960/50000 (18%)], Loss: 1.676038, Top1:46.531, Top5:77.815
Train Epoch: 12 [9600/50000 (19%)], Loss: 1.695973, Top1:46.720, Top5:78.001
Train Epoch: 12 [10240/50000 (20%)], Loss: 1.817262, Top1:46.875, Top5:78.076
Train Epoch: 12 [10880/50000 (22%)], Loss: 1.812481, Top1:47.122, Top5:78.107
Train Epoch: 12 [11520/50000 (23%)], Loss: 1.822036, Top1:47.410, Top5:78.324
Train Epoch: 12 [12160/50000 (24%)], Loss: 2.009216, Top1:47.448, Top5:78.485
Train Epoch: 12 [12800/50000 (26%)], Loss: 1.659489, Top1:47.722, Top5:78.747
Train Epoch: 12 [13440/50000 (27%)], Loss: 1.593928, Top1:47.904, Top5:78.910
Train Epoch: 12 [14080/50000 (28%)], Loss: 2.127851, Top1:47.971, Top5:79.016
Train Epoch: 12 [14720/50000 (29%)], Loss: 1.825358, Top1:48.147, Top5:79.153
Train Epoch: 12 [15360/50000 (31%)], Loss: 1.237298, Top1:48.405, Top5:79.279
Train Epoch: 12 [1